[ 2016-04-26T11:02:10+08:00 ] ::1 /develop/water/
INFO: [ app_init ] --START--
INFO: Run Behavior\BuildLiteBehavior [ RunTime:0.000017s ]
INFO: [ app_init ] --END-- [ RunTime:0.003431s ]
INFO: [ app_begin ] --START--
INFO: Run Behavior\ReadHtmlCacheBehavior [ RunTime:0.001810s ]
INFO: [ app_begin ] --END-- [ RunTime:0.001904s ]
SQL: SHOW COLUMNS FROM `banner` [ RunTime:0.0249s ]
SQL: SELECT * FROM `banner` WHERE ( isdel=0 ) ORDER BY number desc  [ RunTime:0.0054s ]
SQL: SHOW COLUMNS FROM `news_pic` [ RunTime:0.0133s ]
SQL: SELECT * FROM `news_pic` ORDER BY id desc  [ RunTime:0.0012s ]
SQL: SHOW COLUMNS FROM `websitebusiness_content` [ RunTime:0.0129s ]
NOTIC: [8] Use of undefined constant jiaoliuhui - assumed 'jiaoliuhui' D:\xampp\htdocs\develop\water\Index\Home\Controller\IndexController.class.php 第 15 行.
SQL: SELECT * FROM `websitebusiness_content` WHERE `type` <> 'jiaoliuhui' ORDER BY id desc LIMIT 3   [ RunTime:0.0017s ]
NOTIC: [8] Use of undefined constant jiaoliuhui - assumed 'jiaoliuhui' D:\xampp\htdocs\develop\water\Index\Home\Controller\IndexController.class.php 第 18 行.
SQL: SELECT * FROM `websitebusiness_content` WHERE `type` = 'jiaoliuhui' ORDER BY id desc LIMIT 4   [ RunTime:0.0024s ]
SQL: SHOW COLUMNS FROM `productshow_content` [ RunTime:0.0141s ]
SQL: SELECT * FROM `productshow_content` ORDER BY id desc LIMIT 3   [ RunTime:0.0010s ]
INFO: [ view_parse ] --START--
INFO: [ template_filter ] --START--
INFO: Run Behavior\ContentReplaceBehavior [ RunTime:0.004588s ]
INFO: [ template_filter ] --END-- [ RunTime:0.004853s ]
INFO: Run Behavior\ParseTemplateBehavior [ RunTime:0.085107s ]
INFO: [ view_parse ] --END-- [ RunTime:0.085321s ]
INFO: [ view_filter ] --START--
INFO: Run Behavior\WriteHtmlCacheBehavior [ RunTime:0.003276s ]
INFO: [ view_filter ] --END-- [ RunTime:0.003434s ]
INFO: [ app_end ] --START--
INFO: Run Behavior\ShowPageTraceBehavior [ RunTime:0.004756s ]
INFO: [ app_end ] --END-- [ RunTime:0.005157s ]

[ 2016-04-26T11:10:33+08:00 ] ::1 /develop/water/
INFO: [ app_init ] --START--
INFO: Run Behavior\BuildLiteBehavior [ RunTime:0.000014s ]
INFO: [ app_init ] --END-- [ RunTime:0.001023s ]
INFO: [ app_begin ] --START--
INFO: Run Behavior\ReadHtmlCacheBehavior [ RunTime:0.001719s ]
INFO: [ app_begin ] --END-- [ RunTime:0.001818s ]
SQL: SHOW COLUMNS FROM `banner` [ RunTime:0.0123s ]
SQL: SELECT * FROM `banner` WHERE ( isdel=0 ) ORDER BY number desc  [ RunTime:0.0004s ]
SQL: SHOW COLUMNS FROM `news_pic` [ RunTime:0.0029s ]
SQL: SELECT * FROM `news_pic` ORDER BY id desc  [ RunTime:0.0004s ]
SQL: SHOW COLUMNS FROM `websitebusiness_content` [ RunTime:0.0038s ]
NOTIC: [8] Use of undefined constant jiaoliuhui - assumed 'jiaoliuhui' D:\xampp\htdocs\develop\water\Index\Home\Controller\IndexController.class.php 第 15 行.
SQL: SELECT * FROM `websitebusiness_content` WHERE `type` <> 'jiaoliuhui' ORDER BY id desc LIMIT 3   [ RunTime:0.0004s ]
NOTIC: [8] Use of undefined constant jiaoliuhui - assumed 'jiaoliuhui' D:\xampp\htdocs\develop\water\Index\Home\Controller\IndexController.class.php 第 18 行.
SQL: SELECT * FROM `websitebusiness_content` WHERE `type` = 'jiaoliuhui' ORDER BY id desc LIMIT 4   [ RunTime:0.0004s ]
SQL: SHOW COLUMNS FROM `productshow_content` [ RunTime:0.0031s ]
SQL: SELECT * FROM `productshow_content` ORDER BY id desc LIMIT 3   [ RunTime:0.0004s ]
INFO: [ view_parse ] --START--
INFO: [ template_filter ] --START--
INFO: Run Behavior\ContentReplaceBehavior [ RunTime:0.000227s ]
INFO: [ template_filter ] --END-- [ RunTime:0.000281s ]
NOTIC: [8] Undefined variable: vo D:\xampp\htdocs\develop\water\Index\Runtime\Cache\Home\f8cf203eb98c60ed9cec339b90173a5c.php 第 229 行.
NOTIC: [8] Undefined variable: vo D:\xampp\htdocs\develop\water\Index\Runtime\Cache\Home\f8cf203eb98c60ed9cec339b90173a5c.php 第 229 行.
INFO: Run Behavior\ParseTemplateBehavior [ RunTime:0.020957s ]
INFO: [ view_parse ] --END-- [ RunTime:0.021146s ]
INFO: [ view_filter ] --START--
INFO: Run Behavior\WriteHtmlCacheBehavior [ RunTime:0.002063s ]
INFO: [ view_filter ] --END-- [ RunTime:0.002176s ]
INFO: [ app_end ] --START--
INFO: Run Behavior\ShowPageTraceBehavior [ RunTime:0.003067s ]
INFO: [ app_end ] --END-- [ RunTime:0.003205s ]

[ 2016-04-26T11:10:34+08:00 ] ::1 /develop/water/index.php/Home/Index/NavSelect/aim/xinwen/id/0.html
INFO: [ app_init ] --START--
INFO: Run Behavior\BuildLiteBehavior [ RunTime:0.000013s ]
INFO: [ app_init ] --END-- [ RunTime:0.000775s ]
INFO: [ app_begin ] --START--
INFO: Run Behavior\ReadHtmlCacheBehavior [ RunTime:0.001281s ]
INFO: [ app_begin ] --END-- [ RunTime:0.001333s ]
NOTIC: [8] Use of undefined constant gaikuang - assumed 'gaikuang' D:\xampp\htdocs\develop\water\Index\Home\Controller\IndexController.class.php 第 37 行.
NOTIC: [8] Use of undefined constant yewu - assumed 'yewu' D:\xampp\htdocs\develop\water\Index\Home\Controller\IndexController.class.php 第 40 行.
NOTIC: [8] Use of undefined constant zhanshi - assumed 'zhanshi' D:\xampp\htdocs\develop\water\Index\Home\Controller\IndexController.class.php 第 43 行.
NOTIC: [8] Use of undefined constant xinwen - assumed 'xinwen' D:\xampp\htdocs\develop\water\Index\Home\Controller\IndexController.class.php 第 46 行.
SQL: SHOW COLUMNS FROM `news_gonggao` [ RunTime:0.0043s ]
SQL: SELECT * FROM `news_gonggao` ORDER BY id desc  [ RunTime:0.0005s ]
INFO: [ app_end ] --START--
INFO: Run Behavior\ShowPageTraceBehavior [ RunTime:0.002109s ]
INFO: [ app_end ] --END-- [ RunTime:0.002193s ]

[ 2016-04-26T11:11:09+08:00 ] ::1 /develop/water/
INFO: [ app_init ] --START--
INFO: Run Behavior\BuildLiteBehavior [ RunTime:0.000014s ]
INFO: [ app_init ] --END-- [ RunTime:0.000925s ]
INFO: [ app_begin ] --START--
INFO: Run Behavior\ReadHtmlCacheBehavior [ RunTime:0.001678s ]
INFO: [ app_begin ] --END-- [ RunTime:0.001751s ]
SQL: SHOW COLUMNS FROM `banner` [ RunTime:0.0129s ]
SQL: SELECT * FROM `banner` WHERE ( isdel=0 ) ORDER BY number desc  [ RunTime:0.0005s ]
SQL: SHOW COLUMNS FROM `news_pic` [ RunTime:0.0031s ]
SQL: SELECT * FROM `news_pic` ORDER BY id desc  [ RunTime:0.0004s ]
SQL: SHOW COLUMNS FROM `websitebusiness_content` [ RunTime:0.0030s ]
NOTIC: [8] Use of undefined constant jiaoliuhui - assumed 'jiaoliuhui' D:\xampp\htdocs\develop\water\Index\Home\Controller\IndexController.class.php 第 15 行.
SQL: SELECT * FROM `websitebusiness_content` WHERE `type` <> 'jiaoliuhui' ORDER BY id desc LIMIT 3   [ RunTime:0.0005s ]
NOTIC: [8] Use of undefined constant jiaoliuhui - assumed 'jiaoliuhui' D:\xampp\htdocs\develop\water\Index\Home\Controller\IndexController.class.php 第 18 行.
SQL: SELECT * FROM `websitebusiness_content` WHERE `type` = 'jiaoliuhui' ORDER BY id desc LIMIT 4   [ RunTime:0.0004s ]
SQL: SHOW COLUMNS FROM `productshow_content` [ RunTime:0.0034s ]
SQL: SELECT * FROM `productshow_content` ORDER BY id desc LIMIT 3   [ RunTime:0.0004s ]
INFO: [ view_parse ] --START--
INFO: [ template_filter ] --START--
INFO: Run Behavior\ContentReplaceBehavior [ RunTime:0.000216s ]
INFO: [ template_filter ] --END-- [ RunTime:0.000279s ]
NOTIC: [8] Undefined variable: vo D:\xampp\htdocs\develop\water\Index\Runtime\Cache\Home\f8cf203eb98c60ed9cec339b90173a5c.php 第 229 行.
NOTIC: [8] Undefined variable: vo D:\xampp\htdocs\develop\water\Index\Runtime\Cache\Home\f8cf203eb98c60ed9cec339b90173a5c.php 第 229 行.
INFO: Run Behavior\ParseTemplateBehavior [ RunTime:0.022249s ]
INFO: [ view_parse ] --END-- [ RunTime:0.022304s ]
INFO: [ view_filter ] --START--
INFO: Run Behavior\WriteHtmlCacheBehavior [ RunTime:0.001689s ]
INFO: [ view_filter ] --END-- [ RunTime:0.001738s ]
INFO: [ app_end ] --START--
INFO: Run Behavior\ShowPageTraceBehavior [ RunTime:0.002381s ]
INFO: [ app_end ] --END-- [ RunTime:0.002489s ]

[ 2016-04-26T11:11:10+08:00 ] ::1 /develop/water/index.php/Home/Index/NavSelect/aim/xinwen/id/0.html
INFO: [ app_init ] --START--
INFO: Run Behavior\BuildLiteBehavior [ RunTime:0.000013s ]
INFO: [ app_init ] --END-- [ RunTime:0.000973s ]
INFO: [ app_begin ] --START--
INFO: Run Behavior\ReadHtmlCacheBehavior [ RunTime:0.001601s ]
INFO: [ app_begin ] --END-- [ RunTime:0.001668s ]
NOTIC: [8] Use of undefined constant gaikuang - assumed 'gaikuang' D:\xampp\htdocs\develop\water\Index\Home\Controller\IndexController.class.php 第 37 行.
NOTIC: [8] Use of undefined constant yewu - assumed 'yewu' D:\xampp\htdocs\develop\water\Index\Home\Controller\IndexController.class.php 第 40 行.
NOTIC: [8] Use of undefined constant zhanshi - assumed 'zhanshi' D:\xampp\htdocs\develop\water\Index\Home\Controller\IndexController.class.php 第 43 行.
NOTIC: [8] Use of undefined constant xinwen - assumed 'xinwen' D:\xampp\htdocs\develop\water\Index\Home\Controller\IndexController.class.php 第 46 行.
SQL: SHOW COLUMNS FROM `news_gonggao` [ RunTime:0.0039s ]
SQL: SELECT * FROM `news_gonggao` ORDER BY id desc  [ RunTime:0.0005s ]
INFO: [ app_end ] --START--
INFO: Run Behavior\ShowPageTraceBehavior [ RunTime:0.002008s ]
INFO: [ app_end ] --END-- [ RunTime:0.002071s ]

[ 2016-04-26T11:11:34+08:00 ] ::1 /develop/water/index.php/Home/Index/NavSelect/aim/xinwen/id/0.html
INFO: [ app_init ] --START--
INFO: Run Behavior\BuildLiteBehavior [ RunTime:0.000020s ]
INFO: [ app_init ] --END-- [ RunTime:0.002362s ]
INFO: [ app_begin ] --START--
INFO: Run Behavior\ReadHtmlCacheBehavior [ RunTime:0.001247s ]
INFO: [ app_begin ] --END-- [ RunTime:0.001322s ]
NOTIC: [8] Use of undefined constant gaikuang - assumed 'gaikuang' D:\xampp\htdocs\develop\water\Index\Home\Controller\IndexController.class.php 第 37 行.
NOTIC: [8] Use of undefined constant yewu - assumed 'yewu' D:\xampp\htdocs\develop\water\Index\Home\Controller\IndexController.class.php 第 40 行.
NOTIC: [8] Use of undefined constant zhanshi - assumed 'zhanshi' D:\xampp\htdocs\develop\water\Index\Home\Controller\IndexController.class.php 第 43 行.
NOTIC: [8] Use of undefined constant xinwen - assumed 'xinwen' D:\xampp\htdocs\develop\water\Index\Home\Controller\IndexController.class.php 第 46 行.
SQL: SHOW COLUMNS FROM `news_gonggao` [ RunTime:0.0032s ]
SQL: SELECT * FROM `news_gonggao` ORDER BY id desc  [ RunTime:0.0004s ]
INFO: [ view_parse ] --START--
INFO: [ template_filter ] --START--
INFO: Run Behavior\ContentReplaceBehavior [ RunTime:0.000142s ]
INFO: [ template_filter ] --END-- [ RunTime:0.000207s ]
INFO: Run Behavior\ParseTemplateBehavior [ RunTime:0.015588s ]
INFO: [ view_parse ] --END-- [ RunTime:0.015661s ]
INFO: [ view_filter ] --START--
INFO: Run Behavior\WriteHtmlCacheBehavior [ RunTime:0.001095s ]
INFO: [ view_filter ] --END-- [ RunTime:0.001144s ]
INFO: [ app_end ] --START--
INFO: Run Behavior\ShowPageTraceBehavior [ RunTime:0.001576s ]
INFO: [ app_end ] --END-- [ RunTime:0.001658s ]

[ 2016-04-26T11:11:35+08:00 ] ::1 /develop/water/index.php/Home/Index/NavSelect/aim/xinwen/id/favicon.ico
INFO: [ app_init ] --START--
INFO: Run Behavior\BuildLiteBehavior [ RunTime:0.000023s ]
INFO: [ app_init ] --END-- [ RunTime:0.001425s ]

[ 2016-04-26T11:12:37+08:00 ] ::1 /develop/water/
INFO: [ app_init ] --START--
INFO: Run Behavior\BuildLiteBehavior [ RunTime:0.000012s ]
INFO: [ app_init ] --END-- [ RunTime:0.000787s ]
INFO: [ app_begin ] --START--
INFO: Run Behavior\ReadHtmlCacheBehavior [ RunTime:0.001594s ]
INFO: [ app_begin ] --END-- [ RunTime:0.001653s ]
SQL: SHOW COLUMNS FROM `banner` [ RunTime:0.0128s ]
SQL: SELECT * FROM `banner` WHERE ( isdel=0 ) ORDER BY number desc  [ RunTime:0.0004s ]
SQL: SHOW COLUMNS FROM `news_pic` [ RunTime:0.0036s ]
SQL: SELECT * FROM `news_pic` ORDER BY id desc  [ RunTime:0.0004s ]
SQL: SHOW COLUMNS FROM `websitebusiness_content` [ RunTime:0.0032s ]
NOTIC: [8] Use of undefined constant jiaoliuhui - assumed 'jiaoliuhui' D:\xampp\htdocs\develop\water\Index\Home\Controller\IndexController.class.php 第 15 行.
SQL: SELECT * FROM `websitebusiness_content` WHERE `type` <> 'jiaoliuhui' ORDER BY id desc LIMIT 3   [ RunTime:0.0006s ]
NOTIC: [8] Use of undefined constant jiaoliuhui - assumed 'jiaoliuhui' D:\xampp\htdocs\develop\water\Index\Home\Controller\IndexController.class.php 第 18 行.
SQL: SELECT * FROM `websitebusiness_content` WHERE `type` = 'jiaoliuhui' ORDER BY id desc LIMIT 4   [ RunTime:0.0005s ]
SQL: SHOW COLUMNS FROM `productshow_content` [ RunTime:0.0033s ]
SQL: SELECT * FROM `productshow_content` ORDER BY id desc LIMIT 3   [ RunTime:0.0004s ]
INFO: [ view_parse ] --START--
INFO: [ template_filter ] --START--
INFO: Run Behavior\ContentReplaceBehavior [ RunTime:0.000196s ]
INFO: [ template_filter ] --END-- [ RunTime:0.000251s ]
INFO: Run Behavior\ParseTemplateBehavior [ RunTime:0.023147s ]
INFO: [ view_parse ] --END-- [ RunTime:0.023235s ]
INFO: [ view_filter ] --START--
INFO: Run Behavior\WriteHtmlCacheBehavior [ RunTime:0.002294s ]
INFO: [ view_filter ] --END-- [ RunTime:0.002386s ]
INFO: [ app_end ] --START--
INFO: Run Behavior\ShowPageTraceBehavior [ RunTime:0.002904s ]
INFO: [ app_end ] --END-- [ RunTime:0.003018s ]

[ 2016-04-26T11:12:38+08:00 ] ::1 /develop/water/index.php/Home/Index/NavSelect/aim/xinwen/id/3.html
INFO: [ app_init ] --START--
INFO: Run Behavior\BuildLiteBehavior [ RunTime:0.000020s ]
INFO: [ app_init ] --END-- [ RunTime:0.002446s ]
INFO: [ app_begin ] --START--
INFO: Run Behavior\ReadHtmlCacheBehavior [ RunTime:0.001058s ]
INFO: [ app_begin ] --END-- [ RunTime:0.001110s ]
NOTIC: [8] Use of undefined constant gaikuang - assumed 'gaikuang' D:\xampp\htdocs\develop\water\Index\Home\Controller\IndexController.class.php 第 37 行.
NOTIC: [8] Use of undefined constant yewu - assumed 'yewu' D:\xampp\htdocs\develop\water\Index\Home\Controller\IndexController.class.php 第 40 行.
NOTIC: [8] Use of undefined constant zhanshi - assumed 'zhanshi' D:\xampp\htdocs\develop\water\Index\Home\Controller\IndexController.class.php 第 43 行.
NOTIC: [8] Use of undefined constant xinwen - assumed 'xinwen' D:\xampp\htdocs\develop\water\Index\Home\Controller\IndexController.class.php 第 46 行.
INFO: [ app_end ] --START--
INFO: Run Behavior\ShowPageTraceBehavior [ RunTime:0.001244s ]
INFO: [ app_end ] --END-- [ RunTime:0.001296s ]

[ 2016-04-26T11:18:05+08:00 ] ::1 /develop/water/index.php/Home/Index/NavSelect/aim/xinwen/id/0.html
INFO: [ app_init ] --START--
INFO: Run Behavior\BuildLiteBehavior [ RunTime:0.000013s ]
INFO: [ app_init ] --END-- [ RunTime:0.000751s ]
INFO: [ app_begin ] --START--
INFO: Run Behavior\ReadHtmlCacheBehavior [ RunTime:0.001079s ]
INFO: [ app_begin ] --END-- [ RunTime:0.001127s ]
NOTIC: [8] Use of undefined constant gaikuang - assumed 'gaikuang' D:\xampp\htdocs\develop\water\Index\Home\Controller\IndexController.class.php 第 37 行.
NOTIC: [8] Use of undefined constant yewu - assumed 'yewu' D:\xampp\htdocs\develop\water\Index\Home\Controller\IndexController.class.php 第 40 行.
NOTIC: [8] Use of undefined constant zhanshi - assumed 'zhanshi' D:\xampp\htdocs\develop\water\Index\Home\Controller\IndexController.class.php 第 43 行.
NOTIC: [8] Use of undefined constant xinwen - assumed 'xinwen' D:\xampp\htdocs\develop\water\Index\Home\Controller\IndexController.class.php 第 46 行.
SQL: SHOW COLUMNS FROM `news_gonggao` [ RunTime:0.0036s ]
SQL: SELECT * FROM `news_gonggao` ORDER BY id desc  [ RunTime:0.0004s ]
INFO: [ view_parse ] --START--
INFO: [ template_filter ] --START--
INFO: Run Behavior\ContentReplaceBehavior [ RunTime:0.000112s ]
INFO: [ template_filter ] --END-- [ RunTime:0.000164s ]
INFO: Run Behavior\ParseTemplateBehavior [ RunTime:0.013716s ]
INFO: [ view_parse ] --END-- [ RunTime:0.013774s ]
INFO: [ view_filter ] --START--
INFO: Run Behavior\WriteHtmlCacheBehavior [ RunTime:0.000965s ]
INFO: [ view_filter ] --END-- [ RunTime:0.001019s ]
INFO: [ app_end ] --START--
INFO: Run Behavior\ShowPageTraceBehavior [ RunTime:0.001704s ]
INFO: [ app_end ] --END-- [ RunTime:0.001777s ]

[ 2016-04-26T11:24:26+08:00 ] ::1 /develop/water/index.php/Home/Index/NavSelect/aim/xinwen/id/0.html
INFO: [ app_init ] --START--
INFO: Run Behavior\BuildLiteBehavior [ RunTime:0.000013s ]
INFO: [ app_init ] --END-- [ RunTime:0.000917s ]
INFO: [ app_begin ] --START--
INFO: Run Behavior\ReadHtmlCacheBehavior [ RunTime:0.001359s ]
INFO: [ app_begin ] --END-- [ RunTime:0.001409s ]
NOTIC: [8] Use of undefined constant gaikuang - assumed 'gaikuang' D:\xampp\htdocs\develop\water\Index\Home\Controller\IndexController.class.php 第 37 行.
NOTIC: [8] Use of undefined constant yewu - assumed 'yewu' D:\xampp\htdocs\develop\water\Index\Home\Controller\IndexController.class.php 第 40 行.
NOTIC: [8] Use of undefined constant zhanshi - assumed 'zhanshi' D:\xampp\htdocs\develop\water\Index\Home\Controller\IndexController.class.php 第 43 行.
NOTIC: [8] Use of undefined constant xinwen - assumed 'xinwen' D:\xampp\htdocs\develop\water\Index\Home\Controller\IndexController.class.php 第 46 行.
SQL: SHOW COLUMNS FROM `news_gonggao` [ RunTime:0.0033s ]
SQL: SELECT * FROM `news_gonggao` ORDER BY id desc  [ RunTime:0.0005s ]
INFO: [ view_parse ] --START--
INFO: [ template_filter ] --START--
INFO: Run Behavior\ContentReplaceBehavior [ RunTime:0.000102s ]
INFO: [ template_filter ] --END-- [ RunTime:0.000151s ]
INFO: Run Behavior\ParseTemplateBehavior [ RunTime:0.014206s ]
INFO: [ view_parse ] --END-- [ RunTime:0.014263s ]
INFO: [ view_filter ] --START--
INFO: Run Behavior\WriteHtmlCacheBehavior [ RunTime:0.001199s ]
INFO: [ view_filter ] --END-- [ RunTime:0.001236s ]
INFO: [ app_end ] --START--
INFO: Run Behavior\ShowPageTraceBehavior [ RunTime:0.002318s ]
INFO: [ app_end ] --END-- [ RunTime:0.002436s ]

[ 2016-04-26T11:24:39+08:00 ] ::1 /develop/water/index.php/Home/Index/NavSelect/aim/xinwen/id/0.html
INFO: [ app_init ] --START--
INFO: Run Behavior\BuildLiteBehavior [ RunTime:0.000013s ]
INFO: [ app_init ] --END-- [ RunTime:0.000812s ]
INFO: [ app_begin ] --START--
INFO: Run Behavior\ReadHtmlCacheBehavior [ RunTime:0.001481s ]
INFO: [ app_begin ] --END-- [ RunTime:0.001615s ]
NOTIC: [8] Use of undefined constant gaikuang - assumed 'gaikuang' D:\xampp\htdocs\develop\water\Index\Home\Controller\IndexController.class.php 第 37 行.
NOTIC: [8] Use of undefined constant yewu - assumed 'yewu' D:\xampp\htdocs\develop\water\Index\Home\Controller\IndexController.class.php 第 40 行.
NOTIC: [8] Use of undefined constant zhanshi - assumed 'zhanshi' D:\xampp\htdocs\develop\water\Index\Home\Controller\IndexController.class.php 第 43 行.
NOTIC: [8] Use of undefined constant xinwen - assumed 'xinwen' D:\xampp\htdocs\develop\water\Index\Home\Controller\IndexController.class.php 第 46 行.
SQL: SHOW COLUMNS FROM `news_gonggao` [ RunTime:0.0037s ]
SQL: SELECT * FROM `news_gonggao` ORDER BY id desc  [ RunTime:0.0004s ]
INFO: [ view_parse ] --START--
INFO: [ template_filter ] --START--
INFO: Run Behavior\ContentReplaceBehavior [ RunTime:0.000122s ]
INFO: [ template_filter ] --END-- [ RunTime:0.000182s ]
INFO: Run Behavior\ParseTemplateBehavior [ RunTime:0.013658s ]
INFO: [ view_parse ] --END-- [ RunTime:0.013734s ]
INFO: [ view_filter ] --START--
INFO: Run Behavior\WriteHtmlCacheBehavior [ RunTime:0.000980s ]
INFO: [ view_filter ] --END-- [ RunTime:0.001023s ]
INFO: [ app_end ] --START--
INFO: Run Behavior\ShowPageTraceBehavior [ RunTime:0.001596s ]
INFO: [ app_end ] --END-- [ RunTime:0.001675s ]

[ 2016-04-26T11:31:16+08:00 ] ::1 /develop/water/index.php/Home/Index/NavSelect/aim/xinwen/id/0.html
INFO: [ app_init ] --START--
INFO: Run Behavior\BuildLiteBehavior [ RunTime:0.000014s ]
INFO: [ app_init ] --END-- [ RunTime:0.000798s ]
INFO: [ app_begin ] --START--
INFO: Run Behavior\ReadHtmlCacheBehavior [ RunTime:0.001347s ]
INFO: [ app_begin ] --END-- [ RunTime:0.001400s ]
NOTIC: [8] Use of undefined constant gaikuang - assumed 'gaikuang' D:\xampp\htdocs\develop\water\Index\Home\Controller\IndexController.class.php 第 37 行.
NOTIC: [8] Use of undefined constant yewu - assumed 'yewu' D:\xampp\htdocs\develop\water\Index\Home\Controller\IndexController.class.php 第 40 行.
NOTIC: [8] Use of undefined constant zhanshi - assumed 'zhanshi' D:\xampp\htdocs\develop\water\Index\Home\Controller\IndexController.class.php 第 43 行.
NOTIC: [8] Use of undefined constant xinwen - assumed 'xinwen' D:\xampp\htdocs\develop\water\Index\Home\Controller\IndexController.class.php 第 46 行.
SQL: SHOW COLUMNS FROM `news_gonggao` [ RunTime:0.0123s ]
SQL: SELECT * FROM `news_gonggao` ORDER BY id desc  [ RunTime:0.0004s ]
INFO: [ view_parse ] --START--
INFO: [ template_filter ] --START--
INFO: Run Behavior\ContentReplaceBehavior [ RunTime:0.000112s ]
INFO: [ template_filter ] --END-- [ RunTime:0.000164s ]

[ 2016-04-26T11:34:27+08:00 ] ::1 /develop/water/index.php/Home/Index/NavSelect/aim/xinwen/id/0.html
INFO: [ app_init ] --START--
INFO: Run Behavior\BuildLiteBehavior [ RunTime:0.000024s ]
INFO: [ app_init ] --END-- [ RunTime:0.001405s ]
INFO: [ app_begin ] --START--
INFO: Run Behavior\ReadHtmlCacheBehavior [ RunTime:0.001970s ]
INFO: [ app_begin ] --END-- [ RunTime:0.002054s ]
NOTIC: [8] Use of undefined constant gaikuang - assumed 'gaikuang' D:\xampp\htdocs\develop\water\Index\Home\Controller\IndexController.class.php 第 37 行.
NOTIC: [8] Use of undefined constant yewu - assumed 'yewu' D:\xampp\htdocs\develop\water\Index\Home\Controller\IndexController.class.php 第 40 行.
NOTIC: [8] Use of undefined constant zhanshi - assumed 'zhanshi' D:\xampp\htdocs\develop\water\Index\Home\Controller\IndexController.class.php 第 43 行.
NOTIC: [8] Use of undefined constant xinwen - assumed 'xinwen' D:\xampp\htdocs\develop\water\Index\Home\Controller\IndexController.class.php 第 46 行.
SQL: SHOW COLUMNS FROM `news_gonggao` [ RunTime:0.0136s ]
SQL: SELECT * FROM `news_gonggao` ORDER BY id desc  [ RunTime:0.0004s ]
INFO: [ view_parse ] --START--
INFO: [ template_filter ] --START--
INFO: Run Behavior\ContentReplaceBehavior [ RunTime:0.000177s ]
INFO: [ template_filter ] --END-- [ RunTime:0.000270s ]
INFO: Run Behavior\ParseTemplateBehavior [ RunTime:0.016649s ]
INFO: [ view_parse ] --END-- [ RunTime:0.016738s ]
INFO: [ view_filter ] --START--
INFO: Run Behavior\WriteHtmlCacheBehavior [ RunTime:0.001872s ]
INFO: [ view_filter ] --END-- [ RunTime:0.001947s ]
INFO: [ app_end ] --START--
INFO: Run Behavior\ShowPageTraceBehavior [ RunTime:0.003038s ]
INFO: [ app_end ] --END-- [ RunTime:0.003125s ]

[ 2016-04-26T11:34:27+08:00 ] ::1 /develop/water/index.php/Home/Index/NavSelect/aim/xinwen/id/Public/upload/banner/316110-106.jpg
INFO: [ app_init ] --START--
INFO: Run Behavior\BuildLiteBehavior [ RunTime:0.000023s ]
INFO: [ app_init ] --END-- [ RunTime:0.001200s ]

[ 2016-04-26T11:37:52+08:00 ] ::1 /develop/water/index.php/Home/Index/NavSelect/aim/xinwen/id/0.html
INFO: [ app_init ] --START--
INFO: Run Behavior\BuildLiteBehavior [ RunTime:0.000018s ]
INFO: [ app_init ] --END-- [ RunTime:0.001024s ]
INFO: [ app_begin ] --START--
INFO: Run Behavior\ReadHtmlCacheBehavior [ RunTime:0.001807s ]
INFO: [ app_begin ] --END-- [ RunTime:0.002052s ]
NOTIC: [8] Use of undefined constant gaikuang - assumed 'gaikuang' D:\xampp\htdocs\develop\water\Index\Home\Controller\IndexController.class.php 第 37 行.
NOTIC: [8] Use of undefined constant yewu - assumed 'yewu' D:\xampp\htdocs\develop\water\Index\Home\Controller\IndexController.class.php 第 40 行.
NOTIC: [8] Use of undefined constant zhanshi - assumed 'zhanshi' D:\xampp\htdocs\develop\water\Index\Home\Controller\IndexController.class.php 第 43 行.
NOTIC: [8] Use of undefined constant xinwen - assumed 'xinwen' D:\xampp\htdocs\develop\water\Index\Home\Controller\IndexController.class.php 第 46 行.
SQL: SHOW COLUMNS FROM `news_gonggao` [ RunTime:0.0125s ]
SQL: SELECT * FROM `news_gonggao` ORDER BY id desc  [ RunTime:0.0005s ]
INFO: [ view_parse ] --START--
INFO: [ template_filter ] --START--
INFO: Run Behavior\ContentReplaceBehavior [ RunTime:0.000177s ]
INFO: [ template_filter ] --END-- [ RunTime:0.000266s ]
INFO: Run Behavior\ParseTemplateBehavior [ RunTime:0.020655s ]
INFO: [ view_parse ] --END-- [ RunTime:0.020756s ]
INFO: [ view_filter ] --START--
INFO: Run Behavior\WriteHtmlCacheBehavior [ RunTime:0.001392s ]
INFO: [ view_filter ] --END-- [ RunTime:0.001448s ]
INFO: [ app_end ] --START--
INFO: Run Behavior\ShowPageTraceBehavior [ RunTime:0.002887s ]
INFO: [ app_end ] --END-- [ RunTime:0.003020s ]

[ 2016-04-26T11:37:53+08:00 ] ::1 /develop/water/index.php/Home/Index/NavSelect/aim/xinwen/id/Public/upload/banner/316110-106.jpg
INFO: [ app_init ] --START--
INFO: Run Behavior\BuildLiteBehavior [ RunTime:0.000027s ]
INFO: [ app_init ] --END-- [ RunTime:0.001196s ]

[ 2016-04-26T11:37:53+08:00 ] ::1 /develop/water/index.php/Home/Index/NavSelect/aim/xinwen/id/Public/upload/websitebusiness/309752-106.jpg
INFO: [ app_init ] --START--
INFO: Run Behavior\BuildLiteBehavior [ RunTime:0.000024s ]
INFO: [ app_init ] --END-- [ RunTime:0.001948s ]

[ 2016-04-26T11:37:53+08:00 ] ::1 /develop/water/index.php/Home/Index/NavSelect/aim/xinwen/id/Public/upload/websitebusiness/309752-106.jpg
INFO: [ app_init ] --START--
INFO: Run Behavior\BuildLiteBehavior [ RunTime:0.000025s ]
INFO: [ app_init ] --END-- [ RunTime:0.001009s ]

[ 2016-04-26T11:37:53+08:00 ] ::1 /develop/water/index.php/Home/Index/NavSelect/aim/xinwen/id/Public/upload/banner/316110-106.jpg
INFO: [ app_init ] --START--
INFO: Run Behavior\BuildLiteBehavior [ RunTime:0.000041s ]
INFO: [ app_init ] --END-- [ RunTime:0.002073s ]

[ 2016-04-26T11:40:44+08:00 ] ::1 /develop/water/index.php/Home/Index/NavSelect/aim/xinwen/id/0.html
INFO: [ app_init ] --START--
INFO: Run Behavior\BuildLiteBehavior [ RunTime:0.000043s ]
INFO: [ app_init ] --END-- [ RunTime:0.001387s ]
INFO: [ app_begin ] --START--
INFO: Run Behavior\ReadHtmlCacheBehavior [ RunTime:0.001201s ]
INFO: [ app_begin ] --END-- [ RunTime:0.001291s ]
NOTIC: [8] Use of undefined constant gaikuang - assumed 'gaikuang' D:\xampp\htdocs\develop\water\Index\Home\Controller\IndexController.class.php 第 37 行.
NOTIC: [8] Use of undefined constant yewu - assumed 'yewu' D:\xampp\htdocs\develop\water\Index\Home\Controller\IndexController.class.php 第 40 行.
NOTIC: [8] Use of undefined constant zhanshi - assumed 'zhanshi' D:\xampp\htdocs\develop\water\Index\Home\Controller\IndexController.class.php 第 43 行.
NOTIC: [8] Use of undefined constant xinwen - assumed 'xinwen' D:\xampp\htdocs\develop\water\Index\Home\Controller\IndexController.class.php 第 46 行.
SQL: SHOW COLUMNS FROM `news_gonggao` [ RunTime:0.0034s ]
SQL: SELECT * FROM `news_gonggao` ORDER BY id desc  [ RunTime:0.0005s ]
INFO: [ view_parse ] --START--
INFO: [ template_filter ] --START--
INFO: Run Behavior\ContentReplaceBehavior [ RunTime:0.000207s ]
INFO: [ template_filter ] --END-- [ RunTime:0.000306s ]
INFO: Run Behavior\ParseTemplateBehavior [ RunTime:0.015128s ]
INFO: [ view_parse ] --END-- [ RunTime:0.015224s ]
INFO: [ view_filter ] --START--
INFO: Run Behavior\WriteHtmlCacheBehavior [ RunTime:0.001058s ]
INFO: [ view_filter ] --END-- [ RunTime:0.001123s ]
INFO: [ app_end ] --START--
INFO: Run Behavior\ShowPageTraceBehavior [ RunTime:0.001456s ]
INFO: [ app_end ] --END-- [ RunTime:0.001546s ]

[ 2016-04-26T11:43:53+08:00 ] ::1 /develop/water/index.php/Home/Index/NavSelect/aim/xinwen/id/0.html
INFO: [ app_init ] --START--
INFO: Run Behavior\BuildLiteBehavior [ RunTime:0.000015s ]
INFO: [ app_init ] --END-- [ RunTime:0.000729s ]
INFO: [ app_begin ] --START--
INFO: Run Behavior\ReadHtmlCacheBehavior [ RunTime:0.001452s ]
INFO: [ app_begin ] --END-- [ RunTime:0.001550s ]
NOTIC: [8] Use of undefined constant gaikuang - assumed 'gaikuang' D:\xampp\htdocs\develop\water\Index\Home\Controller\IndexController.class.php 第 37 行.
NOTIC: [8] Use of undefined constant yewu - assumed 'yewu' D:\xampp\htdocs\develop\water\Index\Home\Controller\IndexController.class.php 第 40 行.
NOTIC: [8] Use of undefined constant zhanshi - assumed 'zhanshi' D:\xampp\htdocs\develop\water\Index\Home\Controller\IndexController.class.php 第 43 行.
NOTIC: [8] Use of undefined constant xinwen - assumed 'xinwen' D:\xampp\htdocs\develop\water\Index\Home\Controller\IndexController.class.php 第 46 行.
SQL: SHOW COLUMNS FROM `news_gonggao` [ RunTime:0.0048s ]
SQL: SELECT * FROM `news_gonggao` ORDER BY id desc  [ RunTime:0.0006s ]
INFO: [ view_parse ] --START--
INFO: [ template_filter ] --START--
INFO: Run Behavior\ContentReplaceBehavior [ RunTime:0.000167s ]
INFO: [ template_filter ] --END-- [ RunTime:0.000271s ]
INFO: Run Behavior\ParseTemplateBehavior [ RunTime:0.013632s ]
INFO: [ view_parse ] --END-- [ RunTime:0.013848s ]
INFO: [ view_filter ] --START--
INFO: Run Behavior\WriteHtmlCacheBehavior [ RunTime:0.001663s ]
INFO: [ view_filter ] --END-- [ RunTime:0.001762s ]
INFO: [ app_end ] --START--
INFO: Run Behavior\ShowPageTraceBehavior [ RunTime:0.001506s ]
INFO: [ app_end ] --END-- [ RunTime:0.001611s ]

[ 2016-04-26T11:44:48+08:00 ] ::1 /develop/water/index.php/Home/Index/NavSelect/aim/xinwen/id/1.html
INFO: [ app_init ] --START--
INFO: Run Behavior\BuildLiteBehavior [ RunTime:0.000030s ]
INFO: [ app_init ] --END-- [ RunTime:0.001042s ]
INFO: [ app_begin ] --START--
INFO: Run Behavior\ReadHtmlCacheBehavior [ RunTime:0.001387s ]
INFO: [ app_begin ] --END-- [ RunTime:0.001472s ]
NOTIC: [8] Use of undefined constant gaikuang - assumed 'gaikuang' D:\xampp\htdocs\develop\water\Index\Home\Controller\IndexController.class.php 第 37 行.
NOTIC: [8] Use of undefined constant yewu - assumed 'yewu' D:\xampp\htdocs\develop\water\Index\Home\Controller\IndexController.class.php 第 40 行.
NOTIC: [8] Use of undefined constant zhanshi - assumed 'zhanshi' D:\xampp\htdocs\develop\water\Index\Home\Controller\IndexController.class.php 第 43 行.
NOTIC: [8] Use of undefined constant xinwen - assumed 'xinwen' D:\xampp\htdocs\develop\water\Index\Home\Controller\IndexController.class.php 第 46 行.
INFO: [ app_end ] --START--
INFO: Run Behavior\ShowPageTraceBehavior [ RunTime:0.000987s ]
INFO: [ app_end ] --END-- [ RunTime:0.001084s ]

[ 2016-04-26T11:44:50+08:00 ] ::1 /develop/water/index.php/Home/Index/NavSelect/aim/xinwen/id/2.html
INFO: [ app_init ] --START--
INFO: Run Behavior\BuildLiteBehavior [ RunTime:0.000047s ]
INFO: [ app_init ] --END-- [ RunTime:0.001486s ]
INFO: [ app_begin ] --START--
INFO: Run Behavior\ReadHtmlCacheBehavior [ RunTime:0.000762s ]
INFO: [ app_begin ] --END-- [ RunTime:0.000830s ]
NOTIC: [8] Use of undefined constant gaikuang - assumed 'gaikuang' D:\xampp\htdocs\develop\water\Index\Home\Controller\IndexController.class.php 第 37 行.
NOTIC: [8] Use of undefined constant yewu - assumed 'yewu' D:\xampp\htdocs\develop\water\Index\Home\Controller\IndexController.class.php 第 40 行.
NOTIC: [8] Use of undefined constant zhanshi - assumed 'zhanshi' D:\xampp\htdocs\develop\water\Index\Home\Controller\IndexController.class.php 第 43 行.
NOTIC: [8] Use of undefined constant xinwen - assumed 'xinwen' D:\xampp\htdocs\develop\water\Index\Home\Controller\IndexController.class.php 第 46 行.
SQL: SHOW COLUMNS FROM `news_kejidongtai` [ RunTime:0.0132s ]
SQL: SELECT * FROM `news_kejidongtai` ORDER BY id desc  [ RunTime:0.0006s ]
INFO: [ view_parse ] --START--
INFO: [ template_filter ] --START--
INFO: Run Behavior\ContentReplaceBehavior [ RunTime:0.000182s ]
INFO: [ template_filter ] --END-- [ RunTime:0.000278s ]
NOTIC: [8] Undefined index: himg_url D:\xampp\htdocs\develop\water\Index\Runtime\Cache\Home\c2e43f6e44fcac79e963bb3c1727d63f.php 第 191 行.
NOTIC: [8] Undefined index: himg_url D:\xampp\htdocs\develop\water\Index\Runtime\Cache\Home\c2e43f6e44fcac79e963bb3c1727d63f.php 第 191 行.
NOTIC: [8] Undefined index: himg_url D:\xampp\htdocs\develop\water\Index\Runtime\Cache\Home\c2e43f6e44fcac79e963bb3c1727d63f.php 第 191 行.
NOTIC: [8] Undefined index: himg_url D:\xampp\htdocs\develop\water\Index\Runtime\Cache\Home\c2e43f6e44fcac79e963bb3c1727d63f.php 第 191 行.
NOTIC: [8] Undefined index: himg_url D:\xampp\htdocs\develop\water\Index\Runtime\Cache\Home\c2e43f6e44fcac79e963bb3c1727d63f.php 第 191 行.
INFO: Run Behavior\ParseTemplateBehavior [ RunTime:0.013126s ]
INFO: [ view_parse ] --END-- [ RunTime:0.013202s ]
INFO: [ view_filter ] --START--
INFO: Run Behavior\WriteHtmlCacheBehavior [ RunTime:0.000782s ]
INFO: [ view_filter ] --END-- [ RunTime:0.000840s ]
INFO: [ app_end ] --START--
INFO: Run Behavior\ShowPageTraceBehavior [ RunTime:0.001286s ]
INFO: [ app_end ] --END-- [ RunTime:0.001373s ]

[ 2016-04-26T23:05:14+08:00 ] ::1 /develop/water/
INFO: [ app_init ] --START--
INFO: Run Behavior\BuildLiteBehavior [ RunTime:0.000014s ]
INFO: [ app_init ] --END-- [ RunTime:0.000758s ]
INFO: [ app_begin ] --START--
INFO: Run Behavior\ReadHtmlCacheBehavior [ RunTime:0.000927s ]
INFO: [ app_begin ] --END-- [ RunTime:0.000972s ]
SQL: SHOW COLUMNS FROM `banner` [ RunTime:0.0233s ]
SQL: SELECT * FROM `banner` WHERE ( isdel=0 ) ORDER BY number desc  [ RunTime:0.0047s ]
SQL: SHOW COLUMNS FROM `news_pic` [ RunTime:0.0068s ]
SQL: SELECT * FROM `news_pic` ORDER BY id desc  [ RunTime:0.0004s ]
SQL: SHOW COLUMNS FROM `websitebusiness_content` [ RunTime:0.0053s ]
NOTIC: [8] Use of undefined constant jiaoliuhui - assumed 'jiaoliuhui' D:\xampp\htdocs\develop\water\Index\Home\Controller\IndexController.class.php 第 15 行.
SQL: SELECT * FROM `websitebusiness_content` WHERE `type` <> 'jiaoliuhui' ORDER BY id desc LIMIT 3   [ RunTime:0.0004s ]
NOTIC: [8] Use of undefined constant jiaoliuhui - assumed 'jiaoliuhui' D:\xampp\htdocs\develop\water\Index\Home\Controller\IndexController.class.php 第 18 行.
SQL: SELECT * FROM `websitebusiness_content` WHERE `type` = 'jiaoliuhui' ORDER BY id desc LIMIT 4   [ RunTime:0.0003s ]
SQL: SHOW COLUMNS FROM `productshow_content` [ RunTime:0.0045s ]
SQL: SELECT * FROM `productshow_content` ORDER BY id desc LIMIT 3   [ RunTime:0.0004s ]
INFO: [ view_parse ] --START--
INFO: [ template_filter ] --START--
INFO: Run Behavior\ContentReplaceBehavior [ RunTime:0.000240s ]
INFO: [ template_filter ] --END-- [ RunTime:0.000293s ]
INFO: Run Behavior\ParseTemplateBehavior [ RunTime:0.029763s ]
INFO: [ view_parse ] --END-- [ RunTime:0.029826s ]
INFO: [ view_filter ] --START--
INFO: Run Behavior\WriteHtmlCacheBehavior [ RunTime:0.000798s ]
INFO: [ view_filter ] --END-- [ RunTime:0.000833s ]
INFO: [ app_end ] --START--
INFO: Run Behavior\ShowPageTraceBehavior [ RunTime:0.000985s ]
INFO: [ app_end ] --END-- [ RunTime:0.001063s ]

[ 2016-04-26T23:05:17+08:00 ] ::1 /develop/water/index.php/Home/Index/NavSelect/aim/xinwen/id/0.html
INFO: [ app_init ] --START--
INFO: Run Behavior\BuildLiteBehavior [ RunTime:0.000013s ]
INFO: [ app_init ] --END-- [ RunTime:0.000846s ]
INFO: [ app_begin ] --START--
INFO: Run Behavior\ReadHtmlCacheBehavior [ RunTime:0.001927s ]
INFO: [ app_begin ] --END-- [ RunTime:0.002069s ]
NOTIC: [8] Use of undefined constant gaikuang - assumed 'gaikuang' D:\xampp\htdocs\develop\water\Index\Home\Controller\IndexController.class.php 第 37 行.
NOTIC: [8] Use of undefined constant yewu - assumed 'yewu' D:\xampp\htdocs\develop\water\Index\Home\Controller\IndexController.class.php 第 40 行.
NOTIC: [8] Use of undefined constant zhanshi - assumed 'zhanshi' D:\xampp\htdocs\develop\water\Index\Home\Controller\IndexController.class.php 第 43 行.
NOTIC: [8] Use of undefined constant xinwen - assumed 'xinwen' D:\xampp\htdocs\develop\water\Index\Home\Controller\IndexController.class.php 第 46 行.
SQL: SHOW COLUMNS FROM `news_gonggao` [ RunTime:0.0070s ]
SQL: SELECT * FROM `news_gonggao` ORDER BY id desc  [ RunTime:0.0004s ]
INFO: [ view_parse ] --START--
INFO: [ template_filter ] --START--
INFO: Run Behavior\ContentReplaceBehavior [ RunTime:0.000170s ]
INFO: [ template_filter ] --END-- [ RunTime:0.000418s ]
INFO: Run Behavior\ParseTemplateBehavior [ RunTime:0.013301s ]
INFO: [ view_parse ] --END-- [ RunTime:0.013403s ]
INFO: [ view_filter ] --START--
INFO: Run Behavior\WriteHtmlCacheBehavior [ RunTime:0.001037s ]
INFO: [ view_filter ] --END-- [ RunTime:0.001099s ]
INFO: [ app_end ] --START--
INFO: Run Behavior\ShowPageTraceBehavior [ RunTime:0.001343s ]
INFO: [ app_end ] --END-- [ RunTime:0.001408s ]

[ 2016-04-26T23:05:18+08:00 ] ::1 /develop/water/index.php/Home/Index/NavSelect/aim/xinwen/id/favicon.ico
INFO: [ app_init ] --START--
INFO: Run Behavior\BuildLiteBehavior [ RunTime:0.000026s ]
INFO: [ app_init ] --END-- [ RunTime:0.001085s ]

[ 2016-04-26T23:11:23+08:00 ] ::1 /develop/water/index.php/Home/Index/NavSelect/aim/xinwen/id/1.html
INFO: [ app_init ] --START--
INFO: Run Behavior\BuildLiteBehavior [ RunTime:0.000650s ]
INFO: [ app_init ] --END-- [ RunTime:0.002373s ]
INFO: [ app_begin ] --START--
INFO: Run Behavior\ReadHtmlCacheBehavior [ RunTime:0.001734s ]
INFO: [ app_begin ] --END-- [ RunTime:0.001892s ]
NOTIC: [8] Use of undefined constant gaikuang - assumed 'gaikuang' D:\xampp\htdocs\develop\water\Index\Home\Controller\IndexController.class.php 第 37 行.
NOTIC: [8] Use of undefined constant yewu - assumed 'yewu' D:\xampp\htdocs\develop\water\Index\Home\Controller\IndexController.class.php 第 40 行.
NOTIC: [8] Use of undefined constant zhanshi - assumed 'zhanshi' D:\xampp\htdocs\develop\water\Index\Home\Controller\IndexController.class.php 第 43 行.
NOTIC: [8] Use of undefined constant xinwen - assumed 'xinwen' D:\xampp\htdocs\develop\water\Index\Home\Controller\IndexController.class.php 第 46 行.
SQL: SHOW COLUMNS FROM `news_zhannei` [ RunTime:0.0057s ]
SQL: SELECT * FROM `news_zhannei` ORDER BY id desc  [ RunTime:0.0014s ]
INFO: [ view_parse ] --START--
INFO: [ template_filter ] --START--
INFO: Run Behavior\ContentReplaceBehavior [ RunTime:0.000106s ]
INFO: [ template_filter ] --END-- [ RunTime:0.000162s ]
INFO: Run Behavior\ParseTemplateBehavior [ RunTime:0.013550s ]
INFO: [ view_parse ] --END-- [ RunTime:0.013640s ]
INFO: [ view_filter ] --START--
INFO: Run Behavior\WriteHtmlCacheBehavior [ RunTime:0.000811s ]
INFO: [ view_filter ] --END-- [ RunTime:0.000929s ]
INFO: [ app_end ] --START--
INFO: Run Behavior\ShowPageTraceBehavior [ RunTime:0.002578s ]
INFO: [ app_end ] --END-- [ RunTime:0.002755s ]

[ 2016-04-26T23:11:23+08:00 ] ::1 /develop/water/index.php/Home/Index/NavSelect/aim/xinwen/id/Public/upload/banner/246917-106.jpg
INFO: [ app_init ] --START--
INFO: Run Behavior\BuildLiteBehavior [ RunTime:0.000034s ]
INFO: [ app_init ] --END-- [ RunTime:0.001713s ]

[ 2016-04-26T23:11:33+08:00 ] ::1 /develop/water/index.php/Home/Index/NavSelect/aim/xinwen/id/2.html
INFO: [ app_init ] --START--
INFO: Run Behavior\BuildLiteBehavior [ RunTime:0.000031s ]
INFO: [ app_init ] --END-- [ RunTime:0.001607s ]
INFO: [ app_begin ] --START--
INFO: Run Behavior\ReadHtmlCacheBehavior [ RunTime:0.001880s ]
INFO: [ app_begin ] --END-- [ RunTime:0.002032s ]
NOTIC: [8] Use of undefined constant gaikuang - assumed 'gaikuang' D:\xampp\htdocs\develop\water\Index\Home\Controller\IndexController.class.php 第 37 行.
NOTIC: [8] Use of undefined constant yewu - assumed 'yewu' D:\xampp\htdocs\develop\water\Index\Home\Controller\IndexController.class.php 第 40 行.
NOTIC: [8] Use of undefined constant zhanshi - assumed 'zhanshi' D:\xampp\htdocs\develop\water\Index\Home\Controller\IndexController.class.php 第 43 行.
NOTIC: [8] Use of undefined constant xinwen - assumed 'xinwen' D:\xampp\htdocs\develop\water\Index\Home\Controller\IndexController.class.php 第 46 行.
SQL: SHOW COLUMNS FROM `news_kejidongtai` [ RunTime:0.0190s ]
SQL: SELECT * FROM `news_kejidongtai` ORDER BY id desc  [ RunTime:0.0008s ]
INFO: [ view_parse ] --START--
INFO: [ template_filter ] --START--
INFO: Run Behavior\ContentReplaceBehavior [ RunTime:0.000205s ]
INFO: [ template_filter ] --END-- [ RunTime:0.000302s ]
INFO: Run Behavior\ParseTemplateBehavior [ RunTime:0.023683s ]
INFO: [ view_parse ] --END-- [ RunTime:0.023846s ]
INFO: [ view_filter ] --START--
INFO: Run Behavior\WriteHtmlCacheBehavior [ RunTime:0.002092s ]
INFO: [ view_filter ] --END-- [ RunTime:0.002245s ]
INFO: [ app_end ] --START--
INFO: Run Behavior\ShowPageTraceBehavior [ RunTime:0.002344s ]
INFO: [ app_end ] --END-- [ RunTime:0.002715s ]

[ 2016-04-26T23:11:38+08:00 ] ::1 /develop/water/index.php/Home/Index/NavSelect/aim/xinwen/id/3.html
INFO: [ app_init ] --START--
INFO: Run Behavior\BuildLiteBehavior [ RunTime:0.000013s ]
INFO: [ app_init ] --END-- [ RunTime:0.000654s ]
INFO: [ app_begin ] --START--
INFO: Run Behavior\ReadHtmlCacheBehavior [ RunTime:0.000709s ]
INFO: [ app_begin ] --END-- [ RunTime:0.000757s ]
NOTIC: [8] Use of undefined constant gaikuang - assumed 'gaikuang' D:\xampp\htdocs\develop\water\Index\Home\Controller\IndexController.class.php 第 37 行.
NOTIC: [8] Use of undefined constant yewu - assumed 'yewu' D:\xampp\htdocs\develop\water\Index\Home\Controller\IndexController.class.php 第 40 行.
NOTIC: [8] Use of undefined constant zhanshi - assumed 'zhanshi' D:\xampp\htdocs\develop\water\Index\Home\Controller\IndexController.class.php 第 43 行.
NOTIC: [8] Use of undefined constant xinwen - assumed 'xinwen' D:\xampp\htdocs\develop\water\Index\Home\Controller\IndexController.class.php 第 46 行.
SQL: SHOW COLUMNS FROM `news_pic` [ RunTime:0.0032s ]
SQL: SELECT * FROM `news_pic` ORDER BY id desc  [ RunTime:0.0004s ]
INFO: [ view_parse ] --START--
INFO: [ template_filter ] --START--
INFO: Run Behavior\ContentReplaceBehavior [ RunTime:0.000101s ]
INFO: [ template_filter ] --END-- [ RunTime:0.000149s ]
INFO: Run Behavior\ParseTemplateBehavior [ RunTime:0.011531s ]
INFO: [ view_parse ] --END-- [ RunTime:0.011594s ]
INFO: [ view_filter ] --START--
INFO: Run Behavior\WriteHtmlCacheBehavior [ RunTime:0.000557s ]
INFO: [ view_filter ] --END-- [ RunTime:0.000596s ]
INFO: [ app_end ] --START--
INFO: Run Behavior\ShowPageTraceBehavior [ RunTime:0.001021s ]
INFO: [ app_end ] --END-- [ RunTime:0.001095s ]

[ 2016-04-26T23:11:38+08:00 ] ::1 /develop/water/index.php/Home/Index/NavSelect/aim/xinwen/id/Public/upload/imgs/imgnew/316597-106.jpg
INFO: [ app_init ] --START--
INFO: Run Behavior\BuildLiteBehavior [ RunTime:0.000025s ]
INFO: [ app_init ] --END-- [ RunTime:0.001106s ]

[ 2016-04-26T23:11:38+08:00 ] ::1 /develop/water/index.php/Home/Index/NavSelect/aim/xinwen/id/Public/upload/banner/311121-106.jpg
INFO: [ app_init ] --START--
INFO: Run Behavior\BuildLiteBehavior [ RunTime:0.000021s ]
INFO: [ app_init ] --END-- [ RunTime:0.000744s ]

[ 2016-04-26T23:11:41+08:00 ] ::1 /develop/water/index.php/Home/Index/NavSelect/aim/xinwen/id/4.html
INFO: [ app_init ] --START--
INFO: Run Behavior\BuildLiteBehavior [ RunTime:0.000062s ]
INFO: [ app_init ] --END-- [ RunTime:0.001771s ]
INFO: [ app_begin ] --START--
INFO: Run Behavior\ReadHtmlCacheBehavior [ RunTime:0.000885s ]
INFO: [ app_begin ] --END-- [ RunTime:0.000947s ]
NOTIC: [8] Use of undefined constant gaikuang - assumed 'gaikuang' D:\xampp\htdocs\develop\water\Index\Home\Controller\IndexController.class.php 第 37 行.
NOTIC: [8] Use of undefined constant yewu - assumed 'yewu' D:\xampp\htdocs\develop\water\Index\Home\Controller\IndexController.class.php 第 40 行.
NOTIC: [8] Use of undefined constant zhanshi - assumed 'zhanshi' D:\xampp\htdocs\develop\water\Index\Home\Controller\IndexController.class.php 第 43 行.
NOTIC: [8] Use of undefined constant xinwen - assumed 'xinwen' D:\xampp\htdocs\develop\water\Index\Home\Controller\IndexController.class.php 第 46 行.
SQL: SHOW COLUMNS FROM `news_video` [ RunTime:0.0059s ]
SQL: SELECT * FROM `news_video` ORDER BY id desc  [ RunTime:0.0004s ]
INFO: [ view_parse ] --START--
INFO: [ template_filter ] --START--
INFO: Run Behavior\ContentReplaceBehavior [ RunTime:0.000194s ]
INFO: [ template_filter ] --END-- [ RunTime:0.000261s ]
INFO: Run Behavior\ParseTemplateBehavior [ RunTime:0.008963s ]
INFO: [ view_parse ] --END-- [ RunTime:0.009022s ]
INFO: [ view_filter ] --START--
INFO: Run Behavior\WriteHtmlCacheBehavior [ RunTime:0.000484s ]
INFO: [ view_filter ] --END-- [ RunTime:0.000518s ]
INFO: [ app_end ] --START--
INFO: Run Behavior\ShowPageTraceBehavior [ RunTime:0.000801s ]
INFO: [ app_end ] --END-- [ RunTime:0.000863s ]

[ 2016-04-26T23:11:58+08:00 ] ::1 /develop/water/
INFO: [ app_init ] --START--
INFO: Run Behavior\BuildLiteBehavior [ RunTime:0.000016s ]
INFO: [ app_init ] --END-- [ RunTime:0.000694s ]
INFO: [ app_begin ] --START--
INFO: Run Behavior\ReadHtmlCacheBehavior [ RunTime:0.000987s ]
INFO: [ app_begin ] --END-- [ RunTime:0.001073s ]
SQL: SHOW COLUMNS FROM `banner` [ RunTime:0.0031s ]
SQL: SELECT * FROM `banner` WHERE ( isdel=0 ) ORDER BY number desc  [ RunTime:0.0007s ]
SQL: SHOW COLUMNS FROM `news_pic` [ RunTime:0.0033s ]
SQL: SELECT * FROM `news_pic` ORDER BY id desc  [ RunTime:0.0004s ]
SQL: SHOW COLUMNS FROM `websitebusiness_content` [ RunTime:0.0031s ]
NOTIC: [8] Use of undefined constant jiaoliuhui - assumed 'jiaoliuhui' D:\xampp\htdocs\develop\water\Index\Home\Controller\IndexController.class.php 第 15 行.
SQL: SELECT * FROM `websitebusiness_content` WHERE `type` <> 'jiaoliuhui' ORDER BY id desc LIMIT 3   [ RunTime:0.0005s ]
NOTIC: [8] Use of undefined constant jiaoliuhui - assumed 'jiaoliuhui' D:\xampp\htdocs\develop\water\Index\Home\Controller\IndexController.class.php 第 18 行.
SQL: SELECT * FROM `websitebusiness_content` WHERE `type` = 'jiaoliuhui' ORDER BY id desc LIMIT 4   [ RunTime:0.0004s ]
SQL: SHOW COLUMNS FROM `productshow_content` [ RunTime:0.0033s ]
SQL: SELECT * FROM `productshow_content` ORDER BY id desc LIMIT 3   [ RunTime:0.0007s ]
INFO: [ view_parse ] --START--
INFO: [ template_filter ] --START--
INFO: Run Behavior\ContentReplaceBehavior [ RunTime:0.000234s ]
INFO: [ template_filter ] --END-- [ RunTime:0.000301s ]
INFO: Run Behavior\ParseTemplateBehavior [ RunTime:0.020539s ]
INFO: [ view_parse ] --END-- [ RunTime:0.020614s ]
INFO: [ view_filter ] --START--
INFO: Run Behavior\WriteHtmlCacheBehavior [ RunTime:0.000682s ]
INFO: [ view_filter ] --END-- [ RunTime:0.000722s ]
INFO: [ app_end ] --START--
INFO: Run Behavior\ShowPageTraceBehavior [ RunTime:0.000983s ]
INFO: [ app_end ] --END-- [ RunTime:0.001044s ]

[ 2016-04-26T23:12:00+08:00 ] ::1 /develop/water/index.php/Home/Index/NavSelect/aim/xinwen/id/4.html
INFO: [ app_init ] --START--
INFO: Run Behavior\BuildLiteBehavior [ RunTime:0.000014s ]
INFO: [ app_init ] --END-- [ RunTime:0.001040s ]
INFO: [ app_begin ] --START--
INFO: Run Behavior\ReadHtmlCacheBehavior [ RunTime:0.001010s ]
INFO: [ app_begin ] --END-- [ RunTime:0.001072s ]
NOTIC: [8] Use of undefined constant gaikuang - assumed 'gaikuang' D:\xampp\htdocs\develop\water\Index\Home\Controller\IndexController.class.php 第 37 行.
NOTIC: [8] Use of undefined constant yewu - assumed 'yewu' D:\xampp\htdocs\develop\water\Index\Home\Controller\IndexController.class.php 第 40 行.
NOTIC: [8] Use of undefined constant zhanshi - assumed 'zhanshi' D:\xampp\htdocs\develop\water\Index\Home\Controller\IndexController.class.php 第 43 行.
NOTIC: [8] Use of undefined constant xinwen - assumed 'xinwen' D:\xampp\htdocs\develop\water\Index\Home\Controller\IndexController.class.php 第 46 行.
SQL: SHOW COLUMNS FROM `news_video` [ RunTime:0.0034s ]
SQL: SELECT * FROM `news_video` ORDER BY id desc  [ RunTime:0.0004s ]
INFO: [ view_parse ] --START--
INFO: [ template_filter ] --START--
INFO: Run Behavior\ContentReplaceBehavior [ RunTime:0.000223s ]
INFO: [ template_filter ] --END-- [ RunTime:0.000323s ]
INFO: Run Behavior\ParseTemplateBehavior [ RunTime:0.012370s ]
INFO: [ view_parse ] --END-- [ RunTime:0.012433s ]
INFO: [ view_filter ] --START--
INFO: Run Behavior\WriteHtmlCacheBehavior [ RunTime:0.000804s ]
INFO: [ view_filter ] --END-- [ RunTime:0.000845s ]
INFO: [ app_end ] --START--
INFO: Run Behavior\ShowPageTraceBehavior [ RunTime:0.001257s ]
INFO: [ app_end ] --END-- [ RunTime:0.001336s ]

[ 2016-04-26T23:13:07+08:00 ] ::1 /develop/water/index.php/Home/Index/NavSelect/aim/xinwen/id/4.html
INFO: [ app_init ] --START--
INFO: Run Behavior\BuildLiteBehavior [ RunTime:0.000023s ]
INFO: [ app_init ] --END-- [ RunTime:0.001201s ]
INFO: [ app_begin ] --START--
INFO: Run Behavior\ReadHtmlCacheBehavior [ RunTime:0.001100s ]
INFO: [ app_begin ] --END-- [ RunTime:0.001195s ]
NOTIC: [8] Use of undefined constant gaikuang - assumed 'gaikuang' D:\xampp\htdocs\develop\water\Index\Home\Controller\IndexController.class.php 第 37 行.
NOTIC: [8] Use of undefined constant yewu - assumed 'yewu' D:\xampp\htdocs\develop\water\Index\Home\Controller\IndexController.class.php 第 40 行.
NOTIC: [8] Use of undefined constant zhanshi - assumed 'zhanshi' D:\xampp\htdocs\develop\water\Index\Home\Controller\IndexController.class.php 第 43 行.
NOTIC: [8] Use of undefined constant xinwen - assumed 'xinwen' D:\xampp\htdocs\develop\water\Index\Home\Controller\IndexController.class.php 第 46 行.
SQL: SHOW COLUMNS FROM `news_video` [ RunTime:0.0040s ]
SQL: SELECT * FROM `news_video` ORDER BY id desc  [ RunTime:0.0004s ]
INFO: [ view_parse ] --START--
INFO: [ template_filter ] --START--
INFO: Run Behavior\ContentReplaceBehavior [ RunTime:0.000209s ]
INFO: [ template_filter ] --END-- [ RunTime:0.000303s ]
INFO: Run Behavior\ParseTemplateBehavior [ RunTime:0.011812s ]
INFO: [ view_parse ] --END-- [ RunTime:0.011920s ]
INFO: [ view_filter ] --START--
INFO: Run Behavior\WriteHtmlCacheBehavior [ RunTime:0.000829s ]
INFO: [ view_filter ] --END-- [ RunTime:0.000892s ]
INFO: [ app_end ] --START--
INFO: Run Behavior\ShowPageTraceBehavior [ RunTime:0.001424s ]
INFO: [ app_end ] --END-- [ RunTime:0.001523s ]

[ 2016-04-26T23:56:23+08:00 ] ::1 /develop/water/index.php/Home/Index/NavSelect/aim/gaikuang/id/0.html
INFO: [ app_init ] --START--
INFO: Run Behavior\BuildLiteBehavior [ RunTime:0.000022s ]
INFO: [ app_init ] --END-- [ RunTime:0.001067s ]
INFO: [ app_begin ] --START--
INFO: Run Behavior\ReadHtmlCacheBehavior [ RunTime:0.005599s ]
INFO: [ app_begin ] --END-- [ RunTime:0.005772s ]
NOTIC: [8] Use of undefined constant gaikuang - assumed 'gaikuang' D:\xampp\htdocs\develop\water\Index\Home\Controller\IndexController.class.php 第 37 行.
ERR: 1103:Incorrect table name ''
 [ SQL语句 ] : SELECT * FROM `` ORDER BY id desc 
ERR: 1103:Incorrect table name ''
 [ SQL语句 ] : SELECT * FROM `` ORDER BY id desc 

