[ 2016-04-18T16:09:40+08:00 ] ::1 /develop/water/admin.php
INFO: [ app_init ] --START--
INFO: Run Behavior\BuildLiteBehavior [ RunTime:0.000021s ]
INFO: [ app_init ] --END-- [ RunTime:0.002478s ]
INFO: [ app_begin ] --START--
INFO: Run Behavior\ReadHtmlCacheBehavior [ RunTime:0.001829s ]
INFO: [ app_begin ] --END-- [ RunTime:0.001921s ]

[ 2016-04-18T16:09:40+08:00 ] ::1 /develop/water/admin.php/Home/Index/login/0/cate_id%3D%3E2.html
INFO: [ app_init ] --START--
INFO: Run Behavior\BuildLiteBehavior [ RunTime:0.000013s ]
INFO: [ app_init ] --END-- [ RunTime:0.000635s ]
INFO: [ app_begin ] --START--
INFO: Run Behavior\ReadHtmlCacheBehavior [ RunTime:0.001070s ]
INFO: [ app_begin ] --END-- [ RunTime:0.001144s ]
INFO: [ view_parse ] --START--
INFO: [ template_filter ] --START--
INFO: Run Behavior\ContentReplaceBehavior [ RunTime:0.001597s ]
INFO: [ template_filter ] --END-- [ RunTime:0.001683s ]
INFO: Run Behavior\ParseTemplateBehavior [ RunTime:0.014419s ]
INFO: [ view_parse ] --END-- [ RunTime:0.014475s ]
INFO: [ view_filter ] --START--
INFO: Run Behavior\WriteHtmlCacheBehavior [ RunTime:0.001454s ]
INFO: [ view_filter ] --END-- [ RunTime:0.001505s ]
INFO: [ app_end ] --START--
INFO: Run Behavior\ShowPageTraceBehavior [ RunTime:0.001560s ]
INFO: [ app_end ] --END-- [ RunTime:0.001619s ]

[ 2016-04-18T16:09:40+08:00 ] ::1 /develop/water/admin.php/Home/Index/login/0/lib/jquery/1.9.1/jquery.min.js
INFO: [ app_init ] --START--
INFO: Run Behavior\BuildLiteBehavior [ RunTime:0.000027s ]
INFO: [ app_init ] --END-- [ RunTime:0.001149s ]
INFO: [ app_begin ] --START--
INFO: Run Behavior\ReadHtmlCacheBehavior [ RunTime:0.001525s ]
INFO: [ app_begin ] --END-- [ RunTime:0.001616s ]
INFO: [ view_parse ] --START--
INFO: [ template_filter ] --START--
INFO: Run Behavior\ContentReplaceBehavior [ RunTime:0.000166s ]
INFO: [ template_filter ] --END-- [ RunTime:0.000376s ]
INFO: Run Behavior\ParseTemplateBehavior [ RunTime:0.011421s ]
INFO: [ view_parse ] --END-- [ RunTime:0.011495s ]
INFO: [ view_filter ] --START--
INFO: Run Behavior\WriteHtmlCacheBehavior [ RunTime:0.000778s ]
INFO: [ view_filter ] --END-- [ RunTime:0.000822s ]
INFO: [ app_end ] --START--
INFO: Run Behavior\ShowPageTraceBehavior [ RunTime:0.000922s ]
INFO: [ app_end ] --END-- [ RunTime:0.000966s ]

[ 2016-04-18T16:09:40+08:00 ] ::1 /develop/water/admin.php/Home/Index/verify.html
INFO: [ app_init ] --START--
INFO: Run Behavior\BuildLiteBehavior [ RunTime:0.000021s ]
INFO: [ app_init ] --END-- [ RunTime:0.000940s ]
INFO: [ app_begin ] --START--
INFO: Run Behavior\ReadHtmlCacheBehavior [ RunTime:0.001097s ]
INFO: [ app_begin ] --END-- [ RunTime:0.001187s ]
INFO: [ app_end ] --START--
INFO: Run Behavior\ShowPageTraceBehavior [ RunTime:0.001109s ]
INFO: [ app_end ] --END-- [ RunTime:0.001188s ]

[ 2016-04-18T16:09:40+08:00 ] ::1 /develop/water/admin.php/Home/Index/login/0/js/H-ui.js
INFO: [ app_init ] --START--
INFO: Run Behavior\BuildLiteBehavior [ RunTime:0.000019s ]
INFO: [ app_init ] --END-- [ RunTime:0.001038s ]
INFO: [ app_begin ] --START--
INFO: Run Behavior\ReadHtmlCacheBehavior [ RunTime:0.001715s ]
INFO: [ app_begin ] --END-- [ RunTime:0.001818s ]
INFO: [ view_parse ] --START--
INFO: [ template_filter ] --START--
INFO: Run Behavior\ContentReplaceBehavior [ RunTime:0.000072s ]
INFO: [ template_filter ] --END-- [ RunTime:0.000140s ]
INFO: Run Behavior\ParseTemplateBehavior [ RunTime:0.008533s ]
INFO: [ view_parse ] --END-- [ RunTime:0.008597s ]
INFO: [ view_filter ] --START--
INFO: Run Behavior\WriteHtmlCacheBehavior [ RunTime:0.000807s ]
INFO: [ view_filter ] --END-- [ RunTime:0.000856s ]
INFO: [ app_end ] --START--
INFO: Run Behavior\ShowPageTraceBehavior [ RunTime:0.001058s ]
INFO: [ app_end ] --END-- [ RunTime:0.001114s ]

[ 2016-04-18T16:10:06+08:00 ] ::1 /develop/water/admin.php/Home/Index/login
INFO: [ app_init ] --START--
INFO: Run Behavior\BuildLiteBehavior [ RunTime:0.000012s ]
INFO: [ app_init ] --END-- [ RunTime:0.000640s ]
INFO: [ app_begin ] --START--
INFO: Run Behavior\ReadHtmlCacheBehavior [ RunTime:0.000705s ]
INFO: [ app_begin ] --END-- [ RunTime:0.000751s ]
SQL: SHOW COLUMNS FROM `user` [ RunTime:0.0124s ]
SQL: SELECT * FROM `user` WHERE `name` = 'root' AND `password` = 'root' LIMIT 1   [ RunTime:0.0017s ]
INFO: [ view_parse ] --START--
INFO: [ template_filter ] --START--
INFO: Run Behavior\ContentReplaceBehavior [ RunTime:0.000041s ]
INFO: [ template_filter ] --END-- [ RunTime:0.000083s ]
INFO: Run Behavior\ParseTemplateBehavior [ RunTime:0.007241s ]
INFO: [ view_parse ] --END-- [ RunTime:0.007300s ]
INFO: [ view_filter ] --START--
INFO: Run Behavior\WriteHtmlCacheBehavior [ RunTime:0.000604s ]
INFO: [ view_filter ] --END-- [ RunTime:0.000644s ]
INFO: [ app_end ] --START--
INFO: Run Behavior\ShowPageTraceBehavior [ RunTime:0.000775s ]
INFO: [ app_end ] --END-- [ RunTime:0.000813s ]

[ 2016-04-18T16:10:07+08:00 ] ::1 /develop/water/admin.php/Home/Index/index
INFO: [ app_init ] --START--
INFO: Run Behavior\BuildLiteBehavior [ RunTime:0.000017s ]
INFO: [ app_init ] --END-- [ RunTime:0.000707s ]
INFO: [ app_begin ] --START--
INFO: Run Behavior\ReadHtmlCacheBehavior [ RunTime:0.000843s ]
INFO: [ app_begin ] --END-- [ RunTime:0.000911s ]
NOTIC: [8] Use of undefined constant index - assumed 'index' D:\xampp\htdocs\develop\water\Admin\Home\Controller\IndexController.class.php 第 18 行.
INFO: [ view_parse ] --START--
INFO: [ template_filter ] --START--
INFO: Run Behavior\ContentReplaceBehavior [ RunTime:0.000111s ]
INFO: [ template_filter ] --END-- [ RunTime:0.000163s ]
INFO: Run Behavior\ParseTemplateBehavior [ RunTime:0.010480s ]
INFO: [ view_parse ] --END-- [ RunTime:0.010527s ]
INFO: [ view_filter ] --START--
INFO: Run Behavior\WriteHtmlCacheBehavior [ RunTime:0.000569s ]
INFO: [ view_filter ] --END-- [ RunTime:0.000604s ]
INFO: [ app_end ] --START--
INFO: Run Behavior\ShowPageTraceBehavior [ RunTime:0.000905s ]
INFO: [ app_end ] --END-- [ RunTime:0.000982s ]

[ 2016-04-18T16:10:07+08:00 ] ::1 /develop/water/admin.php/Home/Index/welcome.html
INFO: [ app_init ] --START--
INFO: Run Behavior\BuildLiteBehavior [ RunTime:0.000014s ]
INFO: [ app_init ] --END-- [ RunTime:0.000710s ]
INFO: [ app_begin ] --START--
INFO: Run Behavior\ReadHtmlCacheBehavior [ RunTime:0.000764s ]
INFO: [ app_begin ] --END-- [ RunTime:0.000821s ]
INFO: [ view_parse ] --START--
INFO: [ template_filter ] --START--
INFO: Run Behavior\ContentReplaceBehavior [ RunTime:0.000331s ]
INFO: [ template_filter ] --END-- [ RunTime:0.000566s ]
INFO: Run Behavior\ParseTemplateBehavior [ RunTime:0.017430s ]
INFO: [ view_parse ] --END-- [ RunTime:0.017618s ]
INFO: [ view_filter ] --START--
INFO: Run Behavior\WriteHtmlCacheBehavior [ RunTime:0.001364s ]
INFO: [ view_filter ] --END-- [ RunTime:0.001459s ]
INFO: [ app_end ] --START--
INFO: Run Behavior\ShowPageTraceBehavior [ RunTime:0.001566s ]
INFO: [ app_end ] --END-- [ RunTime:0.001680s ]

[ 2016-04-18T16:10:07+08:00 ] ::1 /develop/water/admin.php/Home/Index/skin/default/skin.css
INFO: [ app_init ] --START--
INFO: Run Behavior\BuildLiteBehavior [ RunTime:0.000016s ]
INFO: [ app_init ] --END-- [ RunTime:0.000713s ]
INFO: [ app_begin ] --START--
INFO: Run Behavior\ReadHtmlCacheBehavior [ RunTime:0.000741s ]
INFO: [ app_begin ] --END-- [ RunTime:0.000799s ]
INFO: [ app_end ] --START--
INFO: Run Behavior\ShowPageTraceBehavior [ RunTime:0.000859s ]
INFO: [ app_end ] --END-- [ RunTime:0.000933s ]

[ 2016-04-18T16:10:07+08:00 ] ::1 /develop/water/admin.php/Home/Index/favicon.ico
INFO: [ app_init ] --START--
INFO: Run Behavior\BuildLiteBehavior [ RunTime:0.000028s ]
INFO: [ app_init ] --END-- [ RunTime:0.001103s ]

[ 2016-04-18T16:10:17+08:00 ] ::1 /develop/water/admin.php/Home/New/newsList.html
INFO: [ app_init ] --START--
INFO: Run Behavior\BuildLiteBehavior [ RunTime:0.000054s ]
INFO: [ app_init ] --END-- [ RunTime:0.001005s ]
INFO: [ app_begin ] --START--
INFO: Run Behavior\ReadHtmlCacheBehavior [ RunTime:0.001223s ]
INFO: [ app_begin ] --END-- [ RunTime:0.001331s ]
SQL: SHOW COLUMNS FROM `news_index` [ RunTime:0.0077s ]
SQL: SELECT * FROM `news_index`  [ RunTime:0.0003s ]
SQL: SHOW COLUMNS FROM `news_kejidongtai` [ RunTime:0.0055s ]
SQL: SELECT * FROM `news_kejidongtai` ORDER BY id desc  [ RunTime:0.0004s ]
SQL: SELECT COUNT(*) AS tp_count FROM `news_kejidongtai` LIMIT 1   [ RunTime:0.0014s ]
INFO: [ view_parse ] --START--
INFO: [ template_filter ] --START--
INFO: Run Behavior\ContentReplaceBehavior [ RunTime:0.000144s ]
INFO: [ template_filter ] --END-- [ RunTime:0.000228s ]
INFO: Run Behavior\ParseTemplateBehavior [ RunTime:0.016204s ]
INFO: [ view_parse ] --END-- [ RunTime:0.016281s ]
INFO: [ view_filter ] --START--
INFO: Run Behavior\WriteHtmlCacheBehavior [ RunTime:0.000556s ]
INFO: [ view_filter ] --END-- [ RunTime:0.000605s ]
INFO: [ app_end ] --START--
INFO: Run Behavior\ShowPageTraceBehavior [ RunTime:0.000744s ]
INFO: [ app_end ] --END-- [ RunTime:0.000799s ]

[ 2016-04-18T16:10:17+08:00 ] ::1 /develop/water/admin.php/Home/New/newsList.html
INFO: [ app_init ] --START--
INFO: Run Behavior\BuildLiteBehavior [ RunTime:0.000017s ]
INFO: [ app_init ] --END-- [ RunTime:0.000809s ]
INFO: [ app_begin ] --START--
INFO: Run Behavior\ReadHtmlCacheBehavior [ RunTime:0.001561s ]
INFO: [ app_begin ] --END-- [ RunTime:0.001702s ]
SQL: SHOW COLUMNS FROM `news_index` [ RunTime:0.0036s ]
SQL: SELECT * FROM `news_index`  [ RunTime:0.0003s ]
SQL: SHOW COLUMNS FROM `news_kejidongtai` [ RunTime:0.0034s ]
SQL: SELECT * FROM `news_kejidongtai` ORDER BY id desc  [ RunTime:0.0003s ]
SQL: SELECT COUNT(*) AS tp_count FROM `news_kejidongtai` LIMIT 1   [ RunTime:0.0002s ]
INFO: [ view_parse ] --START--
INFO: [ template_filter ] --START--
INFO: Run Behavior\ContentReplaceBehavior [ RunTime:0.000160s ]
INFO: [ template_filter ] --END-- [ RunTime:0.000242s ]
INFO: Run Behavior\ParseTemplateBehavior [ RunTime:0.009942s ]
INFO: [ view_parse ] --END-- [ RunTime:0.010007s ]
INFO: [ view_filter ] --START--
INFO: Run Behavior\WriteHtmlCacheBehavior [ RunTime:0.000557s ]
INFO: [ view_filter ] --END-- [ RunTime:0.000594s ]
INFO: [ app_end ] --START--
INFO: Run Behavior\ShowPageTraceBehavior [ RunTime:0.000910s ]
INFO: [ app_end ] --END-- [ RunTime:0.000981s ]

[ 2016-04-18T16:10:25+08:00 ] ::1 /develop/water/admin.php/Home/Banner/bannerList.html
INFO: [ app_init ] --START--
INFO: Run Behavior\BuildLiteBehavior [ RunTime:0.000014s ]
INFO: [ app_init ] --END-- [ RunTime:0.000807s ]
INFO: [ app_begin ] --START--
INFO: Run Behavior\ReadHtmlCacheBehavior [ RunTime:0.000728s ]
INFO: [ app_begin ] --END-- [ RunTime:0.000780s ]
SQL: SHOW COLUMNS FROM `banner` [ RunTime:0.0048s ]
SQL: SELECT * FROM `banner` ORDER BY number desc  [ RunTime:0.0012s ]
SQL: SELECT COUNT(*) AS tp_count FROM `banner` LIMIT 1   [ RunTime:0.0004s ]
INFO: [ view_parse ] --START--
INFO: [ template_filter ] --START--
INFO: Run Behavior\ContentReplaceBehavior [ RunTime:0.000088s ]
INFO: [ template_filter ] --END-- [ RunTime:0.000135s ]
INFO: Run Behavior\ParseTemplateBehavior [ RunTime:0.010469s ]
INFO: [ view_parse ] --END-- [ RunTime:0.010531s ]
INFO: [ view_filter ] --START--
INFO: Run Behavior\WriteHtmlCacheBehavior [ RunTime:0.000646s ]
INFO: [ view_filter ] --END-- [ RunTime:0.000690s ]
INFO: [ app_end ] --START--
INFO: Run Behavior\ShowPageTraceBehavior [ RunTime:0.000942s ]
INFO: [ app_end ] --END-- [ RunTime:0.001004s ]

[ 2016-04-18T16:11:16+08:00 ] ::1 /develop/water/admin.php/Home/New/newsList.html
INFO: [ app_init ] --START--
INFO: Run Behavior\BuildLiteBehavior [ RunTime:0.000013s ]
INFO: [ app_init ] --END-- [ RunTime:0.000713s ]
INFO: [ app_begin ] --START--
INFO: Run Behavior\ReadHtmlCacheBehavior [ RunTime:0.001173s ]
INFO: [ app_begin ] --END-- [ RunTime:0.001233s ]
SQL: SHOW COLUMNS FROM `news_index` [ RunTime:0.0120s ]
SQL: SELECT * FROM `news_index`  [ RunTime:0.0003s ]
SQL: SHOW COLUMNS FROM `news_kejidongtai` [ RunTime:0.0032s ]
SQL: SELECT * FROM `news_kejidongtai` ORDER BY id desc  [ RunTime:0.0003s ]
SQL: SELECT COUNT(*) AS tp_count FROM `news_kejidongtai` LIMIT 1   [ RunTime:0.0002s ]
INFO: [ view_parse ] --START--
INFO: [ template_filter ] --START--
INFO: Run Behavior\ContentReplaceBehavior [ RunTime:0.000104s ]
INFO: [ template_filter ] --END-- [ RunTime:0.000150s ]
INFO: Run Behavior\ParseTemplateBehavior [ RunTime:0.011216s ]
INFO: [ view_parse ] --END-- [ RunTime:0.011293s ]
INFO: [ view_filter ] --START--
INFO: Run Behavior\WriteHtmlCacheBehavior [ RunTime:0.000730s ]
INFO: [ view_filter ] --END-- [ RunTime:0.000765s ]
INFO: [ app_end ] --START--
INFO: Run Behavior\ShowPageTraceBehavior [ RunTime:0.001289s ]
INFO: [ app_end ] --END-- [ RunTime:0.001355s ]

[ 2016-04-18T16:15:27+08:00 ] ::1 /develop/water/admin.php/Home/Index/index
INFO: [ app_init ] --START--
INFO: Run Behavior\BuildLiteBehavior [ RunTime:0.000015s ]
INFO: [ app_init ] --END-- [ RunTime:0.000798s ]
INFO: [ app_begin ] --START--
INFO: Run Behavior\ReadHtmlCacheBehavior [ RunTime:0.001182s ]
INFO: [ app_begin ] --END-- [ RunTime:0.001266s ]
NOTIC: [8] Use of undefined constant index - assumed 'index' D:\xampp\htdocs\develop\water\Admin\Home\Controller\IndexController.class.php 第 18 行.
INFO: [ view_parse ] --START--
INFO: [ template_filter ] --START--
INFO: Run Behavior\ContentReplaceBehavior [ RunTime:0.000124s ]
INFO: [ template_filter ] --END-- [ RunTime:0.000180s ]
INFO: Run Behavior\ParseTemplateBehavior [ RunTime:0.010914s ]
INFO: [ view_parse ] --END-- [ RunTime:0.010981s ]
INFO: [ view_filter ] --START--
INFO: Run Behavior\WriteHtmlCacheBehavior [ RunTime:0.000717s ]
INFO: [ view_filter ] --END-- [ RunTime:0.000758s ]
INFO: [ app_end ] --START--
INFO: Run Behavior\ShowPageTraceBehavior [ RunTime:0.001812s ]
INFO: [ app_end ] --END-- [ RunTime:0.001929s ]

[ 2016-04-18T16:15:27+08:00 ] ::1 /develop/water/admin.php/Home/Index/welcome.html
INFO: [ app_init ] --START--
INFO: Run Behavior\BuildLiteBehavior [ RunTime:0.000021s ]
INFO: [ app_init ] --END-- [ RunTime:0.001307s ]
INFO: [ app_begin ] --START--
INFO: Run Behavior\ReadHtmlCacheBehavior [ RunTime:0.001201s ]
INFO: [ app_begin ] --END-- [ RunTime:0.001274s ]
INFO: [ view_parse ] --START--
INFO: [ template_filter ] --START--
INFO: Run Behavior\ContentReplaceBehavior [ RunTime:0.000286s ]
INFO: [ template_filter ] --END-- [ RunTime:0.000387s ]
INFO: Run Behavior\ParseTemplateBehavior [ RunTime:0.013125s ]
INFO: [ view_parse ] --END-- [ RunTime:0.013218s ]
INFO: [ view_filter ] --START--
INFO: Run Behavior\WriteHtmlCacheBehavior [ RunTime:0.001260s ]
INFO: [ view_filter ] --END-- [ RunTime:0.001337s ]
INFO: [ app_end ] --START--
INFO: Run Behavior\ShowPageTraceBehavior [ RunTime:0.002046s ]
INFO: [ app_end ] --END-- [ RunTime:0.002143s ]

[ 2016-04-18T16:15:27+08:00 ] ::1 /develop/water/admin.php/Home/Index/skin/default/skin.css
INFO: [ app_init ] --START--
INFO: Run Behavior\BuildLiteBehavior [ RunTime:0.000014s ]
INFO: [ app_init ] --END-- [ RunTime:0.000829s ]
INFO: [ app_begin ] --START--
INFO: Run Behavior\ReadHtmlCacheBehavior [ RunTime:0.000762s ]
INFO: [ app_begin ] --END-- [ RunTime:0.000824s ]
INFO: [ app_end ] --START--
INFO: Run Behavior\ShowPageTraceBehavior [ RunTime:0.000851s ]
INFO: [ app_end ] --END-- [ RunTime:0.000920s ]

[ 2016-04-18T16:15:30+08:00 ] ::1 /develop/water/admin.php/Home/New/newsList.html
INFO: [ app_init ] --START--
INFO: Run Behavior\BuildLiteBehavior [ RunTime:0.000043s ]
INFO: [ app_init ] --END-- [ RunTime:0.001000s ]
INFO: [ app_begin ] --START--
INFO: Run Behavior\ReadHtmlCacheBehavior [ RunTime:0.001086s ]
INFO: [ app_begin ] --END-- [ RunTime:0.001192s ]

[ 2016-04-18T16:15:30+08:00 ] ::1 /develop/water/admin.php/Home/New/newsList.html
INFO: [ app_init ] --START--
INFO: Run Behavior\BuildLiteBehavior [ RunTime:0.000013s ]
INFO: [ app_init ] --END-- [ RunTime:0.000724s ]
INFO: [ app_begin ] --START--
INFO: Run Behavior\ReadHtmlCacheBehavior [ RunTime:0.001140s ]
INFO: [ app_begin ] --END-- [ RunTime:0.001275s ]

[ 2016-04-18T16:16:15+08:00 ] ::1 /develop/water/admin.php/Home/Index/index
INFO: [ app_init ] --START--
INFO: Run Behavior\BuildLiteBehavior [ RunTime:0.000013s ]
INFO: [ app_init ] --END-- [ RunTime:0.000700s ]
INFO: [ app_begin ] --START--
INFO: Run Behavior\ReadHtmlCacheBehavior [ RunTime:0.001333s ]
INFO: [ app_begin ] --END-- [ RunTime:0.001428s ]
NOTIC: [8] Use of undefined constant index - assumed 'index' D:\xampp\htdocs\develop\water\Admin\Home\Controller\IndexController.class.php 第 18 行.
INFO: [ view_parse ] --START--
INFO: [ template_filter ] --START--
INFO: Run Behavior\ContentReplaceBehavior [ RunTime:0.000126s ]
INFO: [ template_filter ] --END-- [ RunTime:0.000185s ]
INFO: Run Behavior\ParseTemplateBehavior [ RunTime:0.009629s ]
INFO: [ view_parse ] --END-- [ RunTime:0.009710s ]
INFO: [ view_filter ] --START--
INFO: Run Behavior\WriteHtmlCacheBehavior [ RunTime:0.001102s ]
INFO: [ view_filter ] --END-- [ RunTime:0.001161s ]
INFO: [ app_end ] --START--
INFO: Run Behavior\ShowPageTraceBehavior [ RunTime:0.002899s ]
INFO: [ app_end ] --END-- [ RunTime:0.003034s ]

[ 2016-04-18T16:16:15+08:00 ] ::1 /develop/water/admin.php/Home/Index/welcome.html
INFO: [ app_init ] --START--
INFO: Run Behavior\BuildLiteBehavior [ RunTime:0.000016s ]
INFO: [ app_init ] --END-- [ RunTime:0.000710s ]
INFO: [ app_begin ] --START--
INFO: Run Behavior\ReadHtmlCacheBehavior [ RunTime:0.001212s ]
INFO: [ app_begin ] --END-- [ RunTime:0.001308s ]
INFO: [ view_parse ] --START--
INFO: [ template_filter ] --START--
INFO: Run Behavior\ContentReplaceBehavior [ RunTime:0.000136s ]
INFO: [ template_filter ] --END-- [ RunTime:0.000216s ]
INFO: Run Behavior\ParseTemplateBehavior [ RunTime:0.010608s ]
INFO: [ view_parse ] --END-- [ RunTime:0.010786s ]
INFO: [ view_filter ] --START--
INFO: Run Behavior\WriteHtmlCacheBehavior [ RunTime:0.000925s ]
INFO: [ view_filter ] --END-- [ RunTime:0.000996s ]
INFO: [ app_end ] --START--
INFO: Run Behavior\ShowPageTraceBehavior [ RunTime:0.001105s ]
INFO: [ app_end ] --END-- [ RunTime:0.001186s ]

[ 2016-04-18T16:16:15+08:00 ] ::1 /develop/water/admin.php/Home/Index/skin/default/skin.css
INFO: [ app_init ] --START--
INFO: Run Behavior\BuildLiteBehavior [ RunTime:0.000026s ]
INFO: [ app_init ] --END-- [ RunTime:0.001226s ]
INFO: [ app_begin ] --START--
INFO: Run Behavior\ReadHtmlCacheBehavior [ RunTime:0.001160s ]
INFO: [ app_begin ] --END-- [ RunTime:0.001238s ]
INFO: [ app_end ] --START--
INFO: Run Behavior\ShowPageTraceBehavior [ RunTime:0.001049s ]
INFO: [ app_end ] --END-- [ RunTime:0.001126s ]

[ 2016-04-18T16:16:17+08:00 ] ::1 /develop/water/admin.php/Home/New/newsList.html
INFO: [ app_init ] --START--
INFO: Run Behavior\BuildLiteBehavior [ RunTime:0.000019s ]
INFO: [ app_init ] --END-- [ RunTime:0.000842s ]
INFO: [ app_begin ] --START--
INFO: Run Behavior\ReadHtmlCacheBehavior [ RunTime:0.001176s ]
INFO: [ app_begin ] --END-- [ RunTime:0.001276s ]
SQL: SHOW COLUMNS FROM `news_index` [ RunTime:0.0045s ]
SQL: SELECT * FROM `news_index`  [ RunTime:0.0005s ]
SQL: SHOW COLUMNS FROM `news_kejidongtai` [ RunTime:0.0040s ]
SQL: SELECT * FROM `news_kejidongtai` ORDER BY id desc  [ RunTime:0.0003s ]
SQL: SELECT COUNT(*) AS tp_count FROM `news_kejidongtai` LIMIT 1   [ RunTime:0.0002s ]
INFO: [ view_parse ] --START--
INFO: [ template_filter ] --START--
INFO: Run Behavior\ContentReplaceBehavior [ RunTime:0.000181s ]
INFO: [ template_filter ] --END-- [ RunTime:0.000267s ]
INFO: Run Behavior\ParseTemplateBehavior [ RunTime:0.014797s ]
INFO: [ view_parse ] --END-- [ RunTime:0.014881s ]
INFO: [ view_filter ] --START--
INFO: Run Behavior\WriteHtmlCacheBehavior [ RunTime:0.000753s ]
INFO: [ view_filter ] --END-- [ RunTime:0.000814s ]
INFO: [ app_end ] --START--
INFO: Run Behavior\ShowPageTraceBehavior [ RunTime:0.001333s ]
INFO: [ app_end ] --END-- [ RunTime:0.001441s ]

[ 2016-04-18T16:16:56+08:00 ] ::1 /develop/water/admin.php/Home/New/newsList.html
INFO: [ app_init ] --START--
INFO: Run Behavior\BuildLiteBehavior [ RunTime:0.000011s ]
INFO: [ app_init ] --END-- [ RunTime:0.000635s ]
INFO: [ app_begin ] --START--
INFO: Run Behavior\ReadHtmlCacheBehavior [ RunTime:0.000726s ]
INFO: [ app_begin ] --END-- [ RunTime:0.000774s ]
SQL: SHOW COLUMNS FROM `news_index` [ RunTime:0.0031s ]
SQL: SELECT * FROM `news_index`  [ RunTime:0.0003s ]
SQL: SHOW COLUMNS FROM `news_kejidongtai` [ RunTime:0.0035s ]
SQL: SELECT * FROM `news_kejidongtai` ORDER BY id desc  [ RunTime:0.0004s ]
SQL: SELECT COUNT(*) AS tp_count FROM `news_kejidongtai` LIMIT 1   [ RunTime:0.0003s ]
INFO: [ view_parse ] --START--
INFO: [ template_filter ] --START--
INFO: Run Behavior\ContentReplaceBehavior [ RunTime:0.000098s ]
INFO: [ template_filter ] --END-- [ RunTime:0.000142s ]
INFO: Run Behavior\ParseTemplateBehavior [ RunTime:0.009402s ]
INFO: [ view_parse ] --END-- [ RunTime:0.009464s ]
INFO: [ view_filter ] --START--
INFO: Run Behavior\WriteHtmlCacheBehavior [ RunTime:0.000566s ]
INFO: [ view_filter ] --END-- [ RunTime:0.000602s ]
INFO: [ app_end ] --START--
INFO: Run Behavior\ShowPageTraceBehavior [ RunTime:0.000835s ]
INFO: [ app_end ] --END-- [ RunTime:0.000890s ]

[ 2016-04-18T16:16:58+08:00 ] ::1 /develop/water/admin.php/Home/New/newsAdd.html
INFO: [ app_init ] --START--
INFO: Run Behavior\BuildLiteBehavior [ RunTime:0.000024s ]
INFO: [ app_init ] --END-- [ RunTime:0.001087s ]
INFO: [ app_begin ] --START--
INFO: Run Behavior\ReadHtmlCacheBehavior [ RunTime:0.001173s ]
INFO: [ app_begin ] --END-- [ RunTime:0.001280s ]
INFO: [ app_end ] --START--
INFO: Run Behavior\ShowPageTraceBehavior [ RunTime:0.001051s ]
INFO: [ app_end ] --END-- [ RunTime:0.001159s ]

[ 2016-04-18T16:16:58+08:00 ] ::1 /develop/water/admin.php/Home/New/newsAdd.html
INFO: [ app_init ] --START--
INFO: Run Behavior\BuildLiteBehavior [ RunTime:0.000019s ]
INFO: [ app_init ] --END-- [ RunTime:0.001706s ]
INFO: [ app_begin ] --START--
INFO: Run Behavior\ReadHtmlCacheBehavior [ RunTime:0.001615s ]
INFO: [ app_begin ] --END-- [ RunTime:0.001736s ]
INFO: [ app_end ] --START--
INFO: Run Behavior\ShowPageTraceBehavior [ RunTime:0.001293s ]
INFO: [ app_end ] --END-- [ RunTime:0.001392s ]

[ 2016-04-18T16:23:09+08:00 ] ::1 /develop/water/admin.php/Home/Index/index
INFO: [ app_init ] --START--
INFO: Run Behavior\BuildLiteBehavior [ RunTime:0.000017s ]
INFO: [ app_init ] --END-- [ RunTime:0.000793s ]
INFO: [ app_begin ] --START--
INFO: Run Behavior\ReadHtmlCacheBehavior [ RunTime:0.002757s ]
INFO: [ app_begin ] --END-- [ RunTime:0.002859s ]
NOTIC: [8] Use of undefined constant index - assumed 'index' D:\xampp\htdocs\develop\water\Admin\Home\Controller\IndexController.class.php 第 18 行.
INFO: [ view_parse ] --START--
INFO: [ template_filter ] --START--
INFO: Run Behavior\ContentReplaceBehavior [ RunTime:0.000129s ]
INFO: [ template_filter ] --END-- [ RunTime:0.000190s ]
INFO: Run Behavior\ParseTemplateBehavior [ RunTime:0.016873s ]
INFO: [ view_parse ] --END-- [ RunTime:0.016982s ]
INFO: [ view_filter ] --START--
INFO: Run Behavior\WriteHtmlCacheBehavior [ RunTime:0.000907s ]
INFO: [ view_filter ] --END-- [ RunTime:0.000958s ]
INFO: [ app_end ] --START--
INFO: Run Behavior\ShowPageTraceBehavior [ RunTime:0.001881s ]
INFO: [ app_end ] --END-- [ RunTime:0.001966s ]

[ 2016-04-18T16:23:09+08:00 ] ::1 /develop/water/admin.php/Home/Index/welcome.html
INFO: [ app_init ] --START--
INFO: Run Behavior\BuildLiteBehavior [ RunTime:0.000017s ]
INFO: [ app_init ] --END-- [ RunTime:0.001052s ]
INFO: [ app_begin ] --START--
INFO: Run Behavior\ReadHtmlCacheBehavior [ RunTime:0.001140s ]
INFO: [ app_begin ] --END-- [ RunTime:0.001224s ]
INFO: [ view_parse ] --START--
INFO: [ template_filter ] --START--
INFO: Run Behavior\ContentReplaceBehavior [ RunTime:0.000127s ]
INFO: [ template_filter ] --END-- [ RunTime:0.000186s ]
INFO: Run Behavior\ParseTemplateBehavior [ RunTime:0.011066s ]
INFO: [ view_parse ] --END-- [ RunTime:0.011153s ]
INFO: [ view_filter ] --START--
INFO: Run Behavior\WriteHtmlCacheBehavior [ RunTime:0.001076s ]
INFO: [ view_filter ] --END-- [ RunTime:0.001143s ]
INFO: [ app_end ] --START--
INFO: Run Behavior\ShowPageTraceBehavior [ RunTime:0.001872s ]
INFO: [ app_end ] --END-- [ RunTime:0.001947s ]

[ 2016-04-18T16:23:09+08:00 ] ::1 /develop/water/admin.php/Home/Index/skin/default/skin.css
INFO: [ app_init ] --START--
INFO: Run Behavior\BuildLiteBehavior [ RunTime:0.000016s ]
INFO: [ app_init ] --END-- [ RunTime:0.000843s ]
INFO: [ app_begin ] --START--
INFO: Run Behavior\ReadHtmlCacheBehavior [ RunTime:0.000759s ]
INFO: [ app_begin ] --END-- [ RunTime:0.000820s ]
INFO: [ app_end ] --START--
INFO: Run Behavior\ShowPageTraceBehavior [ RunTime:0.000816s ]
INFO: [ app_end ] --END-- [ RunTime:0.000892s ]

[ 2016-04-18T16:23:12+08:00 ] ::1 /develop/water/admin.php/Home/New/newsAdd.html
INFO: [ app_init ] --START--
INFO: Run Behavior\BuildLiteBehavior [ RunTime:0.000058s ]
INFO: [ app_init ] --END-- [ RunTime:0.001522s ]
INFO: [ app_begin ] --START--
INFO: Run Behavior\ReadHtmlCacheBehavior [ RunTime:0.001036s ]
INFO: [ app_begin ] --END-- [ RunTime:0.001105s ]
NOTIC: [8] Use of undefined constant add - assumed 'add' D:\xampp\htdocs\develop\water\Admin\Home\Controller\NewController.class.php 第 34 行.
INFO: [ view_parse ] --START--
INFO: [ template_filter ] --START--
INFO: Run Behavior\ContentReplaceBehavior [ RunTime:0.000066s ]
INFO: [ template_filter ] --END-- [ RunTime:0.000118s ]
NOTIC: [8] Array to string conversion D:\xampp\htdocs\develop\water\Admin\Runtime\Cache\Home\e7edaaf8144d9062e5adfd7db5a8177d.php 第 24 行.
INFO: Run Behavior\ParseTemplateBehavior [ RunTime:0.008782s ]
INFO: [ view_parse ] --END-- [ RunTime:0.008835s ]
INFO: [ view_filter ] --START--
INFO: Run Behavior\WriteHtmlCacheBehavior [ RunTime:0.000782s ]
INFO: [ view_filter ] --END-- [ RunTime:0.000821s ]
INFO: [ app_end ] --START--
INFO: Run Behavior\ShowPageTraceBehavior [ RunTime:0.000909s ]
INFO: [ app_end ] --END-- [ RunTime:0.000956s ]

[ 2016-04-18T16:23:12+08:00 ] ::1 /develop/water/admin.php/Home/New/newsAdd.html
INFO: [ app_init ] --START--
INFO: Run Behavior\BuildLiteBehavior [ RunTime:0.000013s ]
INFO: [ app_init ] --END-- [ RunTime:0.000658s ]
INFO: [ app_begin ] --START--
INFO: Run Behavior\ReadHtmlCacheBehavior [ RunTime:0.000709s ]
INFO: [ app_begin ] --END-- [ RunTime:0.000776s ]
NOTIC: [8] Use of undefined constant add - assumed 'add' D:\xampp\htdocs\develop\water\Admin\Home\Controller\NewController.class.php 第 34 行.
INFO: [ view_parse ] --START--
INFO: [ template_filter ] --START--
INFO: Run Behavior\ContentReplaceBehavior [ RunTime:0.000071s ]
INFO: [ template_filter ] --END-- [ RunTime:0.000127s ]
NOTIC: [8] Array to string conversion D:\xampp\htdocs\develop\water\Admin\Runtime\Cache\Home\e7edaaf8144d9062e5adfd7db5a8177d.php 第 24 行.
INFO: Run Behavior\ParseTemplateBehavior [ RunTime:0.007791s ]
INFO: [ view_parse ] --END-- [ RunTime:0.007859s ]
INFO: [ view_filter ] --START--
INFO: Run Behavior\WriteHtmlCacheBehavior [ RunTime:0.001031s ]
INFO: [ view_filter ] --END-- [ RunTime:0.001115s ]
INFO: [ app_end ] --START--
INFO: Run Behavior\ShowPageTraceBehavior [ RunTime:0.000861s ]
INFO: [ app_end ] --END-- [ RunTime:0.000919s ]

[ 2016-04-18T16:23:12+08:00 ] ::1 /develop/water/admin.php/Home/New/editor/lang/zh_CN.js
INFO: [ app_init ] --START--
INFO: Run Behavior\BuildLiteBehavior [ RunTime:0.000020s ]
INFO: [ app_init ] --END-- [ RunTime:0.000797s ]
INFO: [ app_begin ] --START--
INFO: Run Behavior\ReadHtmlCacheBehavior [ RunTime:0.001184s ]
INFO: [ app_begin ] --END-- [ RunTime:0.001272s ]
ERR: 非法操作:editor

[ 2016-04-18T16:23:12+08:00 ] ::1 /develop/water/admin.php/Home/New/editor/kindeditor.js
INFO: [ app_init ] --START--
INFO: Run Behavior\BuildLiteBehavior [ RunTime:0.000015s ]
INFO: [ app_init ] --END-- [ RunTime:0.000763s ]
INFO: [ app_begin ] --START--
INFO: Run Behavior\ReadHtmlCacheBehavior [ RunTime:0.001422s ]
INFO: [ app_begin ] --END-- [ RunTime:0.001512s ]
ERR: 非法操作:editor

[ 2016-04-18T16:29:19+08:00 ] ::1 /develop/water/admin.php/Home/Index/index
INFO: [ app_init ] --START--
INFO: Run Behavior\BuildLiteBehavior [ RunTime:0.000012s ]
INFO: [ app_init ] --END-- [ RunTime:0.000676s ]
INFO: [ app_begin ] --START--
INFO: Run Behavior\ReadHtmlCacheBehavior [ RunTime:0.001451s ]
INFO: [ app_begin ] --END-- [ RunTime:0.001543s ]
NOTIC: [8] Use of undefined constant index - assumed 'index' D:\xampp\htdocs\develop\water\Admin\Home\Controller\IndexController.class.php 第 18 行.
INFO: [ view_parse ] --START--
INFO: [ template_filter ] --START--
INFO: Run Behavior\ContentReplaceBehavior [ RunTime:0.000129s ]
INFO: [ template_filter ] --END-- [ RunTime:0.000183s ]
INFO: Run Behavior\ParseTemplateBehavior [ RunTime:0.009260s ]
INFO: [ view_parse ] --END-- [ RunTime:0.009330s ]
INFO: [ view_filter ] --START--
INFO: Run Behavior\WriteHtmlCacheBehavior [ RunTime:0.000796s ]
INFO: [ view_filter ] --END-- [ RunTime:0.000842s ]
INFO: [ app_end ] --START--
INFO: Run Behavior\ShowPageTraceBehavior [ RunTime:0.003101s ]
INFO: [ app_end ] --END-- [ RunTime:0.003435s ]

[ 2016-04-18T16:29:19+08:00 ] ::1 /develop/water/admin.php/Home/Index/welcome.html
INFO: [ app_init ] --START--
INFO: Run Behavior\BuildLiteBehavior [ RunTime:0.000026s ]
INFO: [ app_init ] --END-- [ RunTime:0.001018s ]
INFO: [ app_begin ] --START--
INFO: Run Behavior\ReadHtmlCacheBehavior [ RunTime:0.001259s ]
INFO: [ app_begin ] --END-- [ RunTime:0.001352s ]
INFO: [ view_parse ] --START--
INFO: [ template_filter ] --START--
INFO: Run Behavior\ContentReplaceBehavior [ RunTime:0.000186s ]
INFO: [ template_filter ] --END-- [ RunTime:0.000273s ]
INFO: Run Behavior\ParseTemplateBehavior [ RunTime:0.012801s ]
INFO: [ view_parse ] --END-- [ RunTime:0.012892s ]
INFO: [ view_filter ] --START--
INFO: Run Behavior\WriteHtmlCacheBehavior [ RunTime:0.001071s ]
INFO: [ view_filter ] --END-- [ RunTime:0.001140s ]
INFO: [ app_end ] --START--
INFO: Run Behavior\ShowPageTraceBehavior [ RunTime:0.001658s ]
INFO: [ app_end ] --END-- [ RunTime:0.001792s ]

[ 2016-04-18T16:29:19+08:00 ] ::1 /develop/water/admin.php/Home/Index/skin/default/skin.css
INFO: [ app_init ] --START--
INFO: Run Behavior\BuildLiteBehavior [ RunTime:0.000014s ]
INFO: [ app_init ] --END-- [ RunTime:0.000684s ]
INFO: [ app_begin ] --START--
INFO: Run Behavior\ReadHtmlCacheBehavior [ RunTime:0.000774s ]
INFO: [ app_begin ] --END-- [ RunTime:0.000832s ]
INFO: [ app_end ] --START--
INFO: Run Behavior\ShowPageTraceBehavior [ RunTime:0.001822s ]
INFO: [ app_end ] --END-- [ RunTime:0.001921s ]

[ 2016-04-18T16:29:21+08:00 ] ::1 /develop/water/admin.php/Home/New/newsAddSelect.html
INFO: [ app_init ] --START--
INFO: Run Behavior\BuildLiteBehavior [ RunTime:0.000022s ]
INFO: [ app_init ] --END-- [ RunTime:0.000987s ]
INFO: [ app_begin ] --START--
INFO: Run Behavior\ReadHtmlCacheBehavior [ RunTime:0.000888s ]
INFO: [ app_begin ] --END-- [ RunTime:0.000988s ]
SQL: SHOW COLUMNS FROM `news_index` [ RunTime:0.0039s ]
SQL: SELECT * FROM `news_index`  [ RunTime:0.0004s ]
NOTIC: [8] Use of undefined constant add_select - assumed 'add_select' D:\xampp\htdocs\develop\water\Admin\Home\Controller\NewController.class.php 第 31 行.
INFO: [ view_parse ] --START--
INFO: [ template_filter ] --START--
INFO: Run Behavior\ContentReplaceBehavior [ RunTime:0.000072s ]
INFO: [ template_filter ] --END-- [ RunTime:0.000123s ]
NOTIC: [8] Undefined variable: data D:\xampp\htdocs\develop\water\Admin\Runtime\Cache\Home\93115c0dc938ee6bf9357a34ba2840e3.php 第 24 行.
INFO: Run Behavior\ParseTemplateBehavior [ RunTime:0.008675s ]
INFO: [ view_parse ] --END-- [ RunTime:0.008745s ]
INFO: [ view_filter ] --START--
INFO: Run Behavior\WriteHtmlCacheBehavior [ RunTime:0.000782s ]
INFO: [ view_filter ] --END-- [ RunTime:0.000834s ]
INFO: [ app_end ] --START--
INFO: Run Behavior\ShowPageTraceBehavior [ RunTime:0.000954s ]
INFO: [ app_end ] --END-- [ RunTime:0.001011s ]

[ 2016-04-18T16:29:21+08:00 ] ::1 /develop/water/admin.php/Home/New/newsAddSelect.html
INFO: [ app_init ] --START--
INFO: Run Behavior\BuildLiteBehavior [ RunTime:0.000014s ]
INFO: [ app_init ] --END-- [ RunTime:0.000609s ]
INFO: [ app_begin ] --START--
INFO: Run Behavior\ReadHtmlCacheBehavior [ RunTime:0.000696s ]
INFO: [ app_begin ] --END-- [ RunTime:0.000748s ]
SQL: SHOW COLUMNS FROM `news_index` [ RunTime:0.0041s ]
SQL: SELECT * FROM `news_index`  [ RunTime:0.0004s ]
NOTIC: [8] Use of undefined constant add_select - assumed 'add_select' D:\xampp\htdocs\develop\water\Admin\Home\Controller\NewController.class.php 第 31 行.
INFO: [ view_parse ] --START--
INFO: [ template_filter ] --START--
INFO: Run Behavior\ContentReplaceBehavior [ RunTime:0.000114s ]
INFO: [ template_filter ] --END-- [ RunTime:0.000187s ]
NOTIC: [8] Undefined variable: data D:\xampp\htdocs\develop\water\Admin\Runtime\Cache\Home\93115c0dc938ee6bf9357a34ba2840e3.php 第 24 行.
INFO: Run Behavior\ParseTemplateBehavior [ RunTime:0.010849s ]
INFO: [ view_parse ] --END-- [ RunTime:0.010917s ]
INFO: [ view_filter ] --START--
INFO: Run Behavior\WriteHtmlCacheBehavior [ RunTime:0.001170s ]
INFO: [ view_filter ] --END-- [ RunTime:0.001252s ]
INFO: [ app_end ] --START--
INFO: Run Behavior\ShowPageTraceBehavior [ RunTime:0.000883s ]
INFO: [ app_end ] --END-- [ RunTime:0.000931s ]

[ 2016-04-18T16:29:21+08:00 ] ::1 /develop/water/admin.php/Home/New/editor/kindeditor.js
INFO: [ app_init ] --START--
INFO: Run Behavior\BuildLiteBehavior [ RunTime:0.000023s ]
INFO: [ app_init ] --END-- [ RunTime:0.000965s ]
INFO: [ app_begin ] --START--
INFO: Run Behavior\ReadHtmlCacheBehavior [ RunTime:0.000988s ]
INFO: [ app_begin ] --END-- [ RunTime:0.001087s ]
ERR: 非法操作:editor

[ 2016-04-18T16:29:21+08:00 ] ::1 /develop/water/admin.php/Home/New/editor/lang/zh_CN.js
INFO: [ app_init ] --START--
INFO: Run Behavior\BuildLiteBehavior [ RunTime:0.000022s ]
INFO: [ app_init ] --END-- [ RunTime:0.001184s ]
INFO: [ app_begin ] --START--
INFO: Run Behavior\ReadHtmlCacheBehavior [ RunTime:0.001159s ]
INFO: [ app_begin ] --END-- [ RunTime:0.001238s ]
ERR: 非法操作:editor

[ 2016-04-18T16:30:06+08:00 ] ::1 /develop/water/admin.php/Home/Index/index
INFO: [ app_init ] --START--
INFO: Run Behavior\BuildLiteBehavior [ RunTime:0.000046s ]
INFO: [ app_init ] --END-- [ RunTime:0.004354s ]
INFO: [ app_begin ] --START--
INFO: Run Behavior\ReadHtmlCacheBehavior [ RunTime:0.001281s ]
INFO: [ app_begin ] --END-- [ RunTime:0.001415s ]
NOTIC: [8] Use of undefined constant index - assumed 'index' D:\xampp\htdocs\develop\water\Admin\Home\Controller\IndexController.class.php 第 18 行.
INFO: [ view_parse ] --START--
INFO: [ template_filter ] --START--
INFO: Run Behavior\ContentReplaceBehavior [ RunTime:0.000162s ]
INFO: [ template_filter ] --END-- [ RunTime:0.000251s ]
INFO: Run Behavior\ParseTemplateBehavior [ RunTime:0.019260s ]
INFO: [ view_parse ] --END-- [ RunTime:0.019344s ]
INFO: [ view_filter ] --START--
INFO: Run Behavior\WriteHtmlCacheBehavior [ RunTime:0.000863s ]
INFO: [ view_filter ] --END-- [ RunTime:0.000915s ]
INFO: [ app_end ] --START--
INFO: Run Behavior\ShowPageTraceBehavior [ RunTime:0.001454s ]
INFO: [ app_end ] --END-- [ RunTime:0.001537s ]

[ 2016-04-18T16:30:06+08:00 ] ::1 /develop/water/admin.php/Home/Index/welcome.html
INFO: [ app_init ] --START--
INFO: Run Behavior\BuildLiteBehavior [ RunTime:0.000022s ]
INFO: [ app_init ] --END-- [ RunTime:0.001029s ]
INFO: [ app_begin ] --START--
INFO: Run Behavior\ReadHtmlCacheBehavior [ RunTime:0.001177s ]
INFO: [ app_begin ] --END-- [ RunTime:0.001275s ]
INFO: [ view_parse ] --START--
INFO: [ template_filter ] --START--
INFO: Run Behavior\ContentReplaceBehavior [ RunTime:0.000124s ]
INFO: [ template_filter ] --END-- [ RunTime:0.000186s ]
INFO: Run Behavior\ParseTemplateBehavior [ RunTime:0.010932s ]
INFO: [ view_parse ] --END-- [ RunTime:0.011010s ]
INFO: [ view_filter ] --START--
INFO: Run Behavior\WriteHtmlCacheBehavior [ RunTime:0.000565s ]
INFO: [ view_filter ] --END-- [ RunTime:0.000608s ]
INFO: [ app_end ] --START--
INFO: Run Behavior\ShowPageTraceBehavior [ RunTime:0.000953s ]
INFO: [ app_end ] --END-- [ RunTime:0.001020s ]

[ 2016-04-18T16:30:06+08:00 ] ::1 /develop/water/admin.php/Home/Index/skin/default/skin.css
INFO: [ app_init ] --START--
INFO: Run Behavior\BuildLiteBehavior [ RunTime:0.000025s ]
INFO: [ app_init ] --END-- [ RunTime:0.001208s ]
INFO: [ app_begin ] --START--
INFO: Run Behavior\ReadHtmlCacheBehavior [ RunTime:0.001174s ]
INFO: [ app_begin ] --END-- [ RunTime:0.001250s ]
INFO: [ app_end ] --START--
INFO: Run Behavior\ShowPageTraceBehavior [ RunTime:0.001429s ]
INFO: [ app_end ] --END-- [ RunTime:0.001565s ]

[ 2016-04-18T16:30:08+08:00 ] ::1 /develop/water/admin.php/Home/New/newsAddSelect.html
INFO: [ app_init ] --START--
INFO: Run Behavior\BuildLiteBehavior [ RunTime:0.000022s ]
INFO: [ app_init ] --END-- [ RunTime:0.001024s ]
INFO: [ app_begin ] --START--
INFO: Run Behavior\ReadHtmlCacheBehavior [ RunTime:0.001304s ]
INFO: [ app_begin ] --END-- [ RunTime:0.001426s ]
SQL: SHOW COLUMNS FROM `news_index` [ RunTime:0.0045s ]
SQL: SELECT * FROM `news_index`  [ RunTime:0.0013s ]
NOTIC: [8] Use of undefined constant add_select - assumed 'add_select' D:\xampp\htdocs\develop\water\Admin\Home\Controller\NewController.class.php 第 31 行.
INFO: [ view_parse ] --START--
INFO: [ template_filter ] --START--
INFO: Run Behavior\ContentReplaceBehavior [ RunTime:0.000122s ]
INFO: [ template_filter ] --END-- [ RunTime:0.000195s ]
NOTIC: [8] Undefined variable: data D:\xampp\htdocs\develop\water\Admin\Runtime\Cache\Home\93115c0dc938ee6bf9357a34ba2840e3.php 第 24 行.
INFO: Run Behavior\ParseTemplateBehavior [ RunTime:0.015975s ]
INFO: [ view_parse ] --END-- [ RunTime:0.016076s ]
INFO: [ view_filter ] --START--
INFO: Run Behavior\WriteHtmlCacheBehavior [ RunTime:0.001108s ]
INFO: [ view_filter ] --END-- [ RunTime:0.001330s ]
INFO: [ app_end ] --START--
INFO: Run Behavior\ShowPageTraceBehavior [ RunTime:0.001311s ]
INFO: [ app_end ] --END-- [ RunTime:0.001390s ]

[ 2016-04-18T16:30:08+08:00 ] ::1 /develop/water/admin.php/Home/New/newsAddSelect.html
INFO: [ app_init ] --START--
INFO: Run Behavior\BuildLiteBehavior [ RunTime:0.000022s ]
INFO: [ app_init ] --END-- [ RunTime:0.001023s ]
INFO: [ app_begin ] --START--
INFO: Run Behavior\ReadHtmlCacheBehavior [ RunTime:0.001188s ]
INFO: [ app_begin ] --END-- [ RunTime:0.001293s ]
SQL: SHOW COLUMNS FROM `news_index` [ RunTime:0.0037s ]
SQL: SELECT * FROM `news_index`  [ RunTime:0.0004s ]
NOTIC: [8] Use of undefined constant add_select - assumed 'add_select' D:\xampp\htdocs\develop\water\Admin\Home\Controller\NewController.class.php 第 31 行.
INFO: [ view_parse ] --START--
INFO: [ template_filter ] --START--
INFO: Run Behavior\ContentReplaceBehavior [ RunTime:0.000125s ]
INFO: [ template_filter ] --END-- [ RunTime:0.000319s ]
NOTIC: [8] Undefined variable: data D:\xampp\htdocs\develop\water\Admin\Runtime\Cache\Home\93115c0dc938ee6bf9357a34ba2840e3.php 第 24 行.
INFO: Run Behavior\ParseTemplateBehavior [ RunTime:0.011647s ]
INFO: [ view_parse ] --END-- [ RunTime:0.011720s ]
INFO: [ view_filter ] --START--
INFO: Run Behavior\WriteHtmlCacheBehavior [ RunTime:0.000913s ]
INFO: [ view_filter ] --END-- [ RunTime:0.000984s ]
INFO: [ app_end ] --START--
INFO: Run Behavior\ShowPageTraceBehavior [ RunTime:0.000824s ]
INFO: [ app_end ] --END-- [ RunTime:0.000867s ]

[ 2016-04-18T16:30:08+08:00 ] ::1 /develop/water/admin.php/Home/New/editor/kindeditor.js
INFO: [ app_init ] --START--
INFO: Run Behavior\BuildLiteBehavior [ RunTime:0.000014s ]
INFO: [ app_init ] --END-- [ RunTime:0.000637s ]
INFO: [ app_begin ] --START--
INFO: Run Behavior\ReadHtmlCacheBehavior [ RunTime:0.000849s ]
INFO: [ app_begin ] --END-- [ RunTime:0.000940s ]
ERR: 非法操作:editor

[ 2016-04-18T16:30:08+08:00 ] ::1 /develop/water/admin.php/Home/New/editor/lang/zh_CN.js
INFO: [ app_init ] --START--
INFO: Run Behavior\BuildLiteBehavior [ RunTime:0.000021s ]
INFO: [ app_init ] --END-- [ RunTime:0.001106s ]
INFO: [ app_begin ] --START--
INFO: Run Behavior\ReadHtmlCacheBehavior [ RunTime:0.001155s ]
INFO: [ app_begin ] --END-- [ RunTime:0.001231s ]
ERR: 非法操作:editor

[ 2016-04-18T16:54:05+08:00 ] ::1 /develop/water/admin.php/Home/Index/index
INFO: [ app_init ] --START--
INFO: Run Behavior\BuildLiteBehavior [ RunTime:0.000017s ]
INFO: [ app_init ] --END-- [ RunTime:0.000964s ]
INFO: [ app_begin ] --START--
INFO: Run Behavior\ReadHtmlCacheBehavior [ RunTime:0.001511s ]
INFO: [ app_begin ] --END-- [ RunTime:0.001581s ]
NOTIC: [8] Use of undefined constant index - assumed 'index' D:\xampp\htdocs\develop\water\Admin\Home\Controller\IndexController.class.php 第 18 行.
INFO: [ view_parse ] --START--
INFO: [ template_filter ] --START--
INFO: Run Behavior\ContentReplaceBehavior [ RunTime:0.000422s ]
INFO: [ template_filter ] --END-- [ RunTime:0.000579s ]
INFO: Run Behavior\ParseTemplateBehavior [ RunTime:0.018511s ]
INFO: [ view_parse ] --END-- [ RunTime:0.018592s ]
INFO: [ view_filter ] --START--
INFO: Run Behavior\WriteHtmlCacheBehavior [ RunTime:0.001408s ]
INFO: [ view_filter ] --END-- [ RunTime:0.001465s ]
INFO: [ app_end ] --START--
INFO: Run Behavior\ShowPageTraceBehavior [ RunTime:0.002155s ]
INFO: [ app_end ] --END-- [ RunTime:0.002229s ]

[ 2016-04-18T16:54:05+08:00 ] ::1 /develop/water/admin.php/Home/Index/welcome.html
INFO: [ app_init ] --START--
INFO: Run Behavior\BuildLiteBehavior [ RunTime:0.000016s ]
INFO: [ app_init ] --END-- [ RunTime:0.001446s ]
INFO: [ app_begin ] --START--
INFO: Run Behavior\ReadHtmlCacheBehavior [ RunTime:0.002056s ]
INFO: [ app_begin ] --END-- [ RunTime:0.002175s ]
INFO: [ view_parse ] --START--
INFO: [ template_filter ] --START--
INFO: Run Behavior\ContentReplaceBehavior [ RunTime:0.000126s ]
INFO: [ template_filter ] --END-- [ RunTime:0.000191s ]
INFO: Run Behavior\ParseTemplateBehavior [ RunTime:0.018336s ]
INFO: [ view_parse ] --END-- [ RunTime:0.018434s ]
INFO: [ view_filter ] --START--
INFO: Run Behavior\WriteHtmlCacheBehavior [ RunTime:0.001647s ]
INFO: [ view_filter ] --END-- [ RunTime:0.001728s ]
INFO: [ app_end ] --START--
INFO: Run Behavior\ShowPageTraceBehavior [ RunTime:0.001895s ]
INFO: [ app_end ] --END-- [ RunTime:0.002046s ]

[ 2016-04-18T16:54:06+08:00 ] ::1 /develop/water/admin.php/Home/Index/skin/default/skin.css
INFO: [ app_init ] --START--
INFO: Run Behavior\BuildLiteBehavior [ RunTime:0.000026s ]
INFO: [ app_init ] --END-- [ RunTime:0.001909s ]
INFO: [ app_begin ] --START--
INFO: Run Behavior\ReadHtmlCacheBehavior [ RunTime:0.001919s ]
INFO: [ app_begin ] --END-- [ RunTime:0.002025s ]
INFO: [ app_end ] --START--
INFO: Run Behavior\ShowPageTraceBehavior [ RunTime:0.001358s ]
INFO: [ app_end ] --END-- [ RunTime:0.001437s ]

[ 2016-04-18T16:54:07+08:00 ] ::1 /develop/water/admin.php/Home/New/newsAddSelect.html
INFO: [ app_init ] --START--
INFO: Run Behavior\BuildLiteBehavior [ RunTime:0.000387s ]
INFO: [ app_init ] --END-- [ RunTime:0.001862s ]
INFO: [ app_begin ] --START--
INFO: Run Behavior\ReadHtmlCacheBehavior [ RunTime:0.001284s ]
INFO: [ app_begin ] --END-- [ RunTime:0.001352s ]
SQL: SHOW COLUMNS FROM `news_index` [ RunTime:0.0041s ]
SQL: SELECT * FROM `news_index`  [ RunTime:0.0004s ]
NOTIC: [8] Use of undefined constant add_select - assumed 'add_select' D:\xampp\htdocs\develop\water\Admin\Home\Controller\NewController.class.php 第 31 行.
INFO: [ view_parse ] --START--
INFO: [ template_filter ] --START--
INFO: Run Behavior\ContentReplaceBehavior [ RunTime:0.000148s ]
INFO: [ template_filter ] --END-- [ RunTime:0.000214s ]
NOTIC: [8] Undefined variable: data D:\xampp\htdocs\develop\water\Admin\Runtime\Cache\Home\93115c0dc938ee6bf9357a34ba2840e3.php 第 24 行.
INFO: Run Behavior\ParseTemplateBehavior [ RunTime:0.014427s ]
INFO: [ view_parse ] --END-- [ RunTime:0.014476s ]
INFO: [ view_filter ] --START--
INFO: Run Behavior\WriteHtmlCacheBehavior [ RunTime:0.000920s ]
INFO: [ view_filter ] --END-- [ RunTime:0.000956s ]
INFO: [ app_end ] --START--
INFO: Run Behavior\ShowPageTraceBehavior [ RunTime:0.001119s ]
INFO: [ app_end ] --END-- [ RunTime:0.001154s ]

[ 2016-04-18T16:54:07+08:00 ] ::1 /develop/water/admin.php/Home/New/newsAddSelect.html
INFO: [ app_init ] --START--
INFO: Run Behavior\BuildLiteBehavior [ RunTime:0.000016s ]
INFO: [ app_init ] --END-- [ RunTime:0.000882s ]
INFO: [ app_begin ] --START--
INFO: Run Behavior\ReadHtmlCacheBehavior [ RunTime:0.001554s ]
INFO: [ app_begin ] --END-- [ RunTime:0.001632s ]
SQL: SHOW COLUMNS FROM `news_index` [ RunTime:0.0031s ]
SQL: SELECT * FROM `news_index`  [ RunTime:0.0003s ]
NOTIC: [8] Use of undefined constant add_select - assumed 'add_select' D:\xampp\htdocs\develop\water\Admin\Home\Controller\NewController.class.php 第 31 行.
INFO: [ view_parse ] --START--
INFO: [ template_filter ] --START--
INFO: Run Behavior\ContentReplaceBehavior [ RunTime:0.000114s ]
INFO: [ template_filter ] --END-- [ RunTime:0.000167s ]
NOTIC: [8] Undefined variable: data D:\xampp\htdocs\develop\water\Admin\Runtime\Cache\Home\93115c0dc938ee6bf9357a34ba2840e3.php 第 24 行.
INFO: Run Behavior\ParseTemplateBehavior [ RunTime:0.012588s ]
INFO: [ view_parse ] --END-- [ RunTime:0.012636s ]
INFO: [ view_filter ] --START--
INFO: Run Behavior\WriteHtmlCacheBehavior [ RunTime:0.001253s ]
INFO: [ view_filter ] --END-- [ RunTime:0.001312s ]
INFO: [ app_end ] --START--
INFO: Run Behavior\ShowPageTraceBehavior [ RunTime:0.001406s ]
INFO: [ app_end ] --END-- [ RunTime:0.001464s ]

[ 2016-04-18T16:54:07+08:00 ] ::1 /develop/water/admin.php/Home/New/editor/kindeditor.js
INFO: [ app_init ] --START--
INFO: Run Behavior\BuildLiteBehavior [ RunTime:0.000024s ]
INFO: [ app_init ] --END-- [ RunTime:0.000831s ]
INFO: [ app_begin ] --START--
INFO: Run Behavior\ReadHtmlCacheBehavior [ RunTime:0.018028s ]
INFO: [ app_begin ] --END-- [ RunTime:0.018136s ]
ERR: 非法操作:editor

[ 2016-04-18T16:54:07+08:00 ] ::1 /develop/water/admin.php/Home/New/editor/lang/zh_CN.js
INFO: [ app_init ] --START--
INFO: Run Behavior\BuildLiteBehavior [ RunTime:0.000024s ]
INFO: [ app_init ] --END-- [ RunTime:0.001228s ]
INFO: [ app_begin ] --START--
INFO: Run Behavior\ReadHtmlCacheBehavior [ RunTime:0.002471s ]
INFO: [ app_begin ] --END-- [ RunTime:0.002575s ]
ERR: 非法操作:editor

[ 2016-04-18T16:54:54+08:00 ] ::1 /develop/water/admin.php/Home/Index/index
INFO: [ app_init ] --START--
INFO: Run Behavior\BuildLiteBehavior [ RunTime:0.000015s ]
INFO: [ app_init ] --END-- [ RunTime:0.000916s ]
INFO: [ app_begin ] --START--
INFO: Run Behavior\ReadHtmlCacheBehavior [ RunTime:0.001521s ]
INFO: [ app_begin ] --END-- [ RunTime:0.001596s ]
NOTIC: [8] Use of undefined constant index - assumed 'index' D:\xampp\htdocs\develop\water\Admin\Home\Controller\IndexController.class.php 第 18 行.
INFO: [ view_parse ] --START--
INFO: [ template_filter ] --START--
INFO: Run Behavior\ContentReplaceBehavior [ RunTime:0.000195s ]
INFO: [ template_filter ] --END-- [ RunTime:0.000285s ]
INFO: Run Behavior\ParseTemplateBehavior [ RunTime:0.020644s ]
INFO: [ view_parse ] --END-- [ RunTime:0.020741s ]
INFO: [ view_filter ] --START--
INFO: Run Behavior\WriteHtmlCacheBehavior [ RunTime:0.001913s ]
INFO: [ view_filter ] --END-- [ RunTime:0.001987s ]
INFO: [ app_end ] --START--
INFO: Run Behavior\ShowPageTraceBehavior [ RunTime:0.002930s ]
INFO: [ app_end ] --END-- [ RunTime:0.003036s ]

[ 2016-04-18T16:54:54+08:00 ] ::1 /develop/water/admin.php/Home/Index/welcome.html
INFO: [ app_init ] --START--
INFO: Run Behavior\BuildLiteBehavior [ RunTime:0.000021s ]
INFO: [ app_init ] --END-- [ RunTime:0.000967s ]
INFO: [ app_begin ] --START--
INFO: Run Behavior\ReadHtmlCacheBehavior [ RunTime:0.001637s ]
INFO: [ app_begin ] --END-- [ RunTime:0.001719s ]
INFO: [ view_parse ] --START--
INFO: [ template_filter ] --START--
INFO: Run Behavior\ContentReplaceBehavior [ RunTime:0.000122s ]
INFO: [ template_filter ] --END-- [ RunTime:0.000181s ]
INFO: Run Behavior\ParseTemplateBehavior [ RunTime:0.018200s ]
INFO: [ view_parse ] --END-- [ RunTime:0.018270s ]
INFO: [ view_filter ] --START--
INFO: Run Behavior\WriteHtmlCacheBehavior [ RunTime:0.001817s ]
INFO: [ view_filter ] --END-- [ RunTime:0.001872s ]
INFO: [ app_end ] --START--
INFO: Run Behavior\ShowPageTraceBehavior [ RunTime:0.002026s ]
INFO: [ app_end ] --END-- [ RunTime:0.002093s ]

[ 2016-04-18T16:54:55+08:00 ] ::1 /develop/water/admin.php/Home/Index/skin/default/skin.css
INFO: [ app_init ] --START--
INFO: Run Behavior\BuildLiteBehavior [ RunTime:0.000057s ]
INFO: [ app_init ] --END-- [ RunTime:0.001657s ]
INFO: [ app_begin ] --START--
INFO: Run Behavior\ReadHtmlCacheBehavior [ RunTime:0.001933s ]
INFO: [ app_begin ] --END-- [ RunTime:0.002055s ]
INFO: [ app_end ] --START--
INFO: Run Behavior\ShowPageTraceBehavior [ RunTime:0.001432s ]
INFO: [ app_end ] --END-- [ RunTime:0.001498s ]

[ 2016-04-18T16:54:56+08:00 ] ::1 /develop/water/admin.php/Home/New/newsAddSelect.html
INFO: [ app_init ] --START--
INFO: Run Behavior\BuildLiteBehavior [ RunTime:0.000031s ]
INFO: [ app_init ] --END-- [ RunTime:0.002165s ]
INFO: [ app_begin ] --START--
INFO: Run Behavior\ReadHtmlCacheBehavior [ RunTime:0.003332s ]
INFO: [ app_begin ] --END-- [ RunTime:0.003596s ]
SQL: SHOW COLUMNS FROM `news_index` [ RunTime:0.0129s ]
SQL: SELECT * FROM `news_index`  [ RunTime:0.0003s ]
NOTIC: [8] Use of undefined constant add_select - assumed 'add_select' D:\xampp\htdocs\develop\water\Admin\Home\Controller\NewController.class.php 第 31 行.
INFO: [ view_parse ] --START--
INFO: [ template_filter ] --START--
INFO: Run Behavior\ContentReplaceBehavior [ RunTime:0.000080s ]
INFO: [ template_filter ] --END-- [ RunTime:0.000129s ]
NOTIC: [8] Undefined variable: data D:\xampp\htdocs\develop\water\Admin\Runtime\Cache\Home\93115c0dc938ee6bf9357a34ba2840e3.php 第 24 行.
INFO: Run Behavior\ParseTemplateBehavior [ RunTime:0.012575s ]
INFO: [ view_parse ] --END-- [ RunTime:0.012650s ]
INFO: [ view_filter ] --START--
INFO: Run Behavior\WriteHtmlCacheBehavior [ RunTime:0.001591s ]
INFO: [ view_filter ] --END-- [ RunTime:0.001650s ]
INFO: [ app_end ] --START--
INFO: Run Behavior\ShowPageTraceBehavior [ RunTime:0.001302s ]
INFO: [ app_end ] --END-- [ RunTime:0.001377s ]

[ 2016-04-18T16:54:56+08:00 ] ::1 /develop/water/admin.php/Home/New/newsAddSelect.html
INFO: [ app_init ] --START--
INFO: Run Behavior\BuildLiteBehavior [ RunTime:0.000018s ]
INFO: [ app_init ] --END-- [ RunTime:0.001312s ]
INFO: [ app_begin ] --START--
INFO: Run Behavior\ReadHtmlCacheBehavior [ RunTime:0.001405s ]
INFO: [ app_begin ] --END-- [ RunTime:0.001511s ]
SQL: SHOW COLUMNS FROM `news_index` [ RunTime:0.0037s ]
SQL: SELECT * FROM `news_index`  [ RunTime:0.0003s ]
NOTIC: [8] Use of undefined constant add_select - assumed 'add_select' D:\xampp\htdocs\develop\water\Admin\Home\Controller\NewController.class.php 第 31 行.
INFO: [ view_parse ] --START--
INFO: [ template_filter ] --START--
INFO: Run Behavior\ContentReplaceBehavior [ RunTime:0.000104s ]
INFO: [ template_filter ] --END-- [ RunTime:0.000156s ]
NOTIC: [8] Undefined variable: data D:\xampp\htdocs\develop\water\Admin\Runtime\Cache\Home\93115c0dc938ee6bf9357a34ba2840e3.php 第 24 行.
INFO: Run Behavior\ParseTemplateBehavior [ RunTime:0.015600s ]
INFO: [ view_parse ] --END-- [ RunTime:0.015682s ]
INFO: [ view_filter ] --START--
INFO: Run Behavior\WriteHtmlCacheBehavior [ RunTime:0.001118s ]
INFO: [ view_filter ] --END-- [ RunTime:0.001163s ]
INFO: [ app_end ] --START--
INFO: Run Behavior\ShowPageTraceBehavior [ RunTime:0.001317s ]
INFO: [ app_end ] --END-- [ RunTime:0.001369s ]

[ 2016-04-18T16:54:56+08:00 ] ::1 /develop/water/admin.php/Home/New/editor/lang/zh_CN.js
INFO: [ app_init ] --START--
INFO: Run Behavior\BuildLiteBehavior [ RunTime:0.000026s ]
INFO: [ app_init ] --END-- [ RunTime:0.001019s ]
INFO: [ app_begin ] --START--
INFO: Run Behavior\ReadHtmlCacheBehavior [ RunTime:0.005116s ]
INFO: [ app_begin ] --END-- [ RunTime:0.005380s ]
ERR: 非法操作:editor

[ 2016-04-18T16:54:56+08:00 ] ::1 /develop/water/admin.php/Home/New/editor/kindeditor.js
INFO: [ app_init ] --START--
INFO: Run Behavior\BuildLiteBehavior [ RunTime:0.000045s ]
INFO: [ app_init ] --END-- [ RunTime:0.002286s ]
INFO: [ app_begin ] --START--
INFO: Run Behavior\ReadHtmlCacheBehavior [ RunTime:0.001743s ]
INFO: [ app_begin ] --END-- [ RunTime:0.001949s ]
ERR: 非法操作:editor

[ 2016-04-18T17:07:03+08:00 ] ::1 /develop/water/admin.php/Home/Index/index
INFO: [ app_init ] --START--
INFO: Run Behavior\BuildLiteBehavior [ RunTime:0.000014s ]
INFO: [ app_init ] --END-- [ RunTime:0.000866s ]
INFO: [ app_begin ] --START--
INFO: Run Behavior\ReadHtmlCacheBehavior [ RunTime:0.001212s ]
INFO: [ app_begin ] --END-- [ RunTime:0.001278s ]
NOTIC: [8] Use of undefined constant index - assumed 'index' D:\xampp\htdocs\develop\water\Admin\Home\Controller\IndexController.class.php 第 18 行.
INFO: [ view_parse ] --START--
INFO: [ template_filter ] --START--
INFO: Run Behavior\ContentReplaceBehavior [ RunTime:0.000127s ]
INFO: [ template_filter ] --END-- [ RunTime:0.000186s ]
INFO: Run Behavior\ParseTemplateBehavior [ RunTime:0.013620s ]
INFO: [ view_parse ] --END-- [ RunTime:0.013697s ]
INFO: [ view_filter ] --START--
INFO: Run Behavior\WriteHtmlCacheBehavior [ RunTime:0.001423s ]
INFO: [ view_filter ] --END-- [ RunTime:0.001512s ]
INFO: [ app_end ] --START--
INFO: Run Behavior\ShowPageTraceBehavior [ RunTime:0.003495s ]
INFO: [ app_end ] --END-- [ RunTime:0.003667s ]

[ 2016-04-18T17:07:03+08:00 ] ::1 /develop/water/admin.php/Home/Index/welcome.html
INFO: [ app_init ] --START--
INFO: Run Behavior\BuildLiteBehavior [ RunTime:0.000041s ]
INFO: [ app_init ] --END-- [ RunTime:0.001052s ]
INFO: [ app_begin ] --START--
INFO: Run Behavior\ReadHtmlCacheBehavior [ RunTime:0.001450s ]
INFO: [ app_begin ] --END-- [ RunTime:0.001544s ]
INFO: [ view_parse ] --START--
INFO: [ template_filter ] --START--
INFO: Run Behavior\ContentReplaceBehavior [ RunTime:0.000184s ]
INFO: [ template_filter ] --END-- [ RunTime:0.000279s ]
INFO: Run Behavior\ParseTemplateBehavior [ RunTime:0.021898s ]
INFO: [ view_parse ] --END-- [ RunTime:0.022002s ]
INFO: [ view_filter ] --START--
INFO: Run Behavior\WriteHtmlCacheBehavior [ RunTime:0.003250s ]
INFO: [ view_filter ] --END-- [ RunTime:0.003700s ]
INFO: [ app_end ] --START--
INFO: Run Behavior\ShowPageTraceBehavior [ RunTime:0.003284s ]
INFO: [ app_end ] --END-- [ RunTime:0.003440s ]

[ 2016-04-18T17:07:03+08:00 ] ::1 /develop/water/admin.php/Home/Index/skin/default/skin.css
INFO: [ app_init ] --START--
INFO: Run Behavior\BuildLiteBehavior [ RunTime:0.000021s ]
INFO: [ app_init ] --END-- [ RunTime:0.001155s ]
INFO: [ app_begin ] --START--
INFO: Run Behavior\ReadHtmlCacheBehavior [ RunTime:0.003816s ]
INFO: [ app_begin ] --END-- [ RunTime:0.003964s ]
INFO: [ app_end ] --START--
INFO: Run Behavior\ShowPageTraceBehavior [ RunTime:0.004875s ]
INFO: [ app_end ] --END-- [ RunTime:0.004970s ]

[ 2016-04-18T17:07:05+08:00 ] ::1 /develop/water/admin.php/Home/New/newsList.html
INFO: [ app_init ] --START--
INFO: Run Behavior\BuildLiteBehavior [ RunTime:0.000021s ]
INFO: [ app_init ] --END-- [ RunTime:0.000886s ]
INFO: [ app_begin ] --START--
INFO: Run Behavior\ReadHtmlCacheBehavior [ RunTime:0.002212s ]
INFO: [ app_begin ] --END-- [ RunTime:0.002307s ]
SQL: SHOW COLUMNS FROM `news_index` [ RunTime:0.0035s ]
SQL: SELECT * FROM `news_index`  [ RunTime:0.0004s ]
SQL: SHOW COLUMNS FROM `news_kejidongtai` [ RunTime:0.0054s ]
SQL: SELECT * FROM `news_kejidongtai` ORDER BY id desc  [ RunTime:0.0006s ]
SQL: SELECT COUNT(*) AS tp_count FROM `news_kejidongtai` LIMIT 1   [ RunTime:0.0010s ]
INFO: [ view_parse ] --START--
INFO: [ template_filter ] --START--
INFO: Run Behavior\ContentReplaceBehavior [ RunTime:0.000108s ]
INFO: [ template_filter ] --END-- [ RunTime:0.000164s ]
INFO: Run Behavior\ParseTemplateBehavior [ RunTime:0.014602s ]
INFO: [ view_parse ] --END-- [ RunTime:0.014678s ]
INFO: [ view_filter ] --START--
INFO: Run Behavior\WriteHtmlCacheBehavior [ RunTime:0.001144s ]
INFO: [ view_filter ] --END-- [ RunTime:0.001184s ]
INFO: [ app_end ] --START--
INFO: Run Behavior\ShowPageTraceBehavior [ RunTime:0.001353s ]
INFO: [ app_end ] --END-- [ RunTime:0.001419s ]

[ 2016-04-18T17:07:05+08:00 ] ::1 /develop/water/admin.php/Home/New/newsList.html
INFO: [ app_init ] --START--
INFO: Run Behavior\BuildLiteBehavior [ RunTime:0.000017s ]
INFO: [ app_init ] --END-- [ RunTime:0.001166s ]
INFO: [ app_begin ] --START--
INFO: Run Behavior\ReadHtmlCacheBehavior [ RunTime:0.001518s ]
INFO: [ app_begin ] --END-- [ RunTime:0.001585s ]
SQL: SHOW COLUMNS FROM `news_index` [ RunTime:0.0032s ]
SQL: SELECT * FROM `news_index`  [ RunTime:0.0003s ]
SQL: SHOW COLUMNS FROM `news_kejidongtai` [ RunTime:0.0038s ]
SQL: SELECT * FROM `news_kejidongtai` ORDER BY id desc  [ RunTime:0.0004s ]
SQL: SELECT COUNT(*) AS tp_count FROM `news_kejidongtai` LIMIT 1   [ RunTime:0.0003s ]
INFO: [ view_parse ] --START--
INFO: [ template_filter ] --START--
INFO: Run Behavior\ContentReplaceBehavior [ RunTime:0.000102s ]
INFO: [ template_filter ] --END-- [ RunTime:0.000160s ]
INFO: Run Behavior\ParseTemplateBehavior [ RunTime:0.012660s ]
INFO: [ view_parse ] --END-- [ RunTime:0.012727s ]
INFO: [ view_filter ] --START--
INFO: Run Behavior\WriteHtmlCacheBehavior [ RunTime:0.001850s ]
INFO: [ view_filter ] --END-- [ RunTime:0.001921s ]
INFO: [ app_end ] --START--
INFO: Run Behavior\ShowPageTraceBehavior [ RunTime:0.003945s ]
INFO: [ app_end ] --END-- [ RunTime:0.004041s ]

[ 2016-04-18T17:07:07+08:00 ] ::1 /develop/water/admin.php/Home/New/newList.html
INFO: [ app_init ] --START--
INFO: Run Behavior\BuildLiteBehavior [ RunTime:0.000012s ]
INFO: [ app_init ] --END-- [ RunTime:0.000749s ]
INFO: [ app_begin ] --START--
INFO: Run Behavior\ReadHtmlCacheBehavior [ RunTime:0.001086s ]
INFO: [ app_begin ] --END-- [ RunTime:0.001173s ]
ERR: 非法操作:newList

[ 2016-04-18T17:10:02+08:00 ] ::1 /develop/water/admin.php/Home/New/newsList.html
INFO: [ app_init ] --START--
INFO: Run Behavior\BuildLiteBehavior [ RunTime:0.000014s ]
INFO: [ app_init ] --END-- [ RunTime:0.000780s ]
INFO: [ app_begin ] --START--
INFO: Run Behavior\ReadHtmlCacheBehavior [ RunTime:0.001255s ]
INFO: [ app_begin ] --END-- [ RunTime:0.001368s ]
SQL: SHOW COLUMNS FROM `news_index` [ RunTime:0.0034s ]
SQL: SELECT * FROM `news_index`  [ RunTime:0.0003s ]
SQL: SHOW COLUMNS FROM `news_kejidongtai` [ RunTime:0.0033s ]
SQL: SELECT * FROM `news_kejidongtai` ORDER BY id desc  [ RunTime:0.0003s ]
SQL: SELECT COUNT(*) AS tp_count FROM `news_kejidongtai` LIMIT 1   [ RunTime:0.0002s ]
INFO: [ view_parse ] --START--
INFO: [ template_filter ] --START--
INFO: Run Behavior\ContentReplaceBehavior [ RunTime:0.000090s ]
INFO: [ template_filter ] --END-- [ RunTime:0.000136s ]
NOTIC: [8] Undefined variable: value D:\xampp\htdocs\develop\water\Admin\Runtime\Cache\Home\56a29cfd1f9fbb842b5e2bbe5068b85b.php 第 71 行.
NOTIC: [8] Undefined variable: value D:\xampp\htdocs\develop\water\Admin\Runtime\Cache\Home\56a29cfd1f9fbb842b5e2bbe5068b85b.php 第 72 行.
INFO: Run Behavior\ParseTemplateBehavior [ RunTime:0.012851s ]
INFO: [ view_parse ] --END-- [ RunTime:0.012913s ]
INFO: [ view_filter ] --START--
INFO: Run Behavior\WriteHtmlCacheBehavior [ RunTime:0.001178s ]
INFO: [ view_filter ] --END-- [ RunTime:0.001231s ]
INFO: [ app_end ] --START--
INFO: Run Behavior\ShowPageTraceBehavior [ RunTime:0.001111s ]
INFO: [ app_end ] --END-- [ RunTime:0.001152s ]

[ 2016-04-18T17:39:37+08:00 ] ::1 /develop/water/admin.php/Home/New/newsAddSelect.html
INFO: [ app_init ] --START--
INFO: Run Behavior\BuildLiteBehavior [ RunTime:0.000015s ]
INFO: [ app_init ] --END-- [ RunTime:0.000736s ]
INFO: [ app_begin ] --START--
INFO: Run Behavior\ReadHtmlCacheBehavior [ RunTime:0.002557s ]
INFO: [ app_begin ] --END-- [ RunTime:0.002633s ]
SQL: SHOW COLUMNS FROM `news_index` [ RunTime:0.0042s ]
SQL: SELECT * FROM `news_index`  [ RunTime:0.0004s ]
NOTIC: [8] Use of undefined constant add_select - assumed 'add_select' D:\xampp\htdocs\develop\water\Admin\Home\Controller\NewController.class.php 第 60 行.
INFO: [ view_parse ] --START--
INFO: [ template_filter ] --START--
INFO: Run Behavior\ContentReplaceBehavior [ RunTime:0.000117s ]
INFO: [ template_filter ] --END-- [ RunTime:0.000203s ]
INFO: Run Behavior\ParseTemplateBehavior [ RunTime:0.016848s ]
INFO: [ view_parse ] --END-- [ RunTime:0.016910s ]
INFO: [ view_filter ] --START--
INFO: Run Behavior\WriteHtmlCacheBehavior [ RunTime:0.000995s ]
INFO: [ view_filter ] --END-- [ RunTime:0.001077s ]
INFO: [ app_end ] --START--
INFO: Run Behavior\ShowPageTraceBehavior [ RunTime:0.001926s ]
INFO: [ app_end ] --END-- [ RunTime:0.001987s ]

[ 2016-04-18T17:39:37+08:00 ] ::1 /develop/water/admin.php/Home/New/newsAddSelect.html
INFO: [ app_init ] --START--
INFO: Run Behavior\BuildLiteBehavior [ RunTime:0.000018s ]
INFO: [ app_init ] --END-- [ RunTime:0.000812s ]
INFO: [ app_begin ] --START--
INFO: Run Behavior\ReadHtmlCacheBehavior [ RunTime:0.001416s ]
INFO: [ app_begin ] --END-- [ RunTime:0.001474s ]
SQL: SHOW COLUMNS FROM `news_index` [ RunTime:0.0032s ]
SQL: SELECT * FROM `news_index`  [ RunTime:0.0003s ]
NOTIC: [8] Use of undefined constant add_select - assumed 'add_select' D:\xampp\htdocs\develop\water\Admin\Home\Controller\NewController.class.php 第 60 行.
INFO: [ view_parse ] --START--
INFO: [ template_filter ] --START--
INFO: Run Behavior\ContentReplaceBehavior [ RunTime:0.000072s ]
INFO: [ template_filter ] --END-- [ RunTime:0.000121s ]
INFO: Run Behavior\ParseTemplateBehavior [ RunTime:0.011422s ]
INFO: [ view_parse ] --END-- [ RunTime:0.011498s ]
INFO: [ view_filter ] --START--
INFO: Run Behavior\WriteHtmlCacheBehavior [ RunTime:0.001119s ]
INFO: [ view_filter ] --END-- [ RunTime:0.001168s ]
INFO: [ app_end ] --START--
INFO: Run Behavior\ShowPageTraceBehavior [ RunTime:0.001093s ]
INFO: [ app_end ] --END-- [ RunTime:0.001134s ]

[ 2016-04-18T17:39:37+08:00 ] ::1 /develop/water/admin.php/Home/New/editor/kindeditor.js
INFO: [ app_init ] --START--
INFO: Run Behavior\BuildLiteBehavior [ RunTime:0.000022s ]
INFO: [ app_init ] --END-- [ RunTime:0.001098s ]
INFO: [ app_begin ] --START--
INFO: Run Behavior\ReadHtmlCacheBehavior [ RunTime:0.002031s ]
INFO: [ app_begin ] --END-- [ RunTime:0.002135s ]
ERR: 非法操作:editor

[ 2016-04-18T17:39:37+08:00 ] ::1 /develop/water/admin.php/Home/New/editor/lang/zh_CN.js
INFO: [ app_init ] --START--
INFO: Run Behavior\BuildLiteBehavior [ RunTime:0.000026s ]
INFO: [ app_init ] --END-- [ RunTime:0.001182s ]
INFO: [ app_begin ] --START--
INFO: Run Behavior\ReadHtmlCacheBehavior [ RunTime:0.001135s ]
INFO: [ app_begin ] --END-- [ RunTime:0.001201s ]
ERR: 非法操作:editor

[ 2016-04-18T17:41:43+08:00 ] ::1 /develop/water/admin.php/Home/Index/index
INFO: [ app_init ] --START--
INFO: Run Behavior\BuildLiteBehavior [ RunTime:0.000014s ]
INFO: [ app_init ] --END-- [ RunTime:0.000799s ]
INFO: [ app_begin ] --START--
INFO: Run Behavior\ReadHtmlCacheBehavior [ RunTime:0.001180s ]
INFO: [ app_begin ] --END-- [ RunTime:0.001242s ]
NOTIC: [8] Use of undefined constant index - assumed 'index' D:\xampp\htdocs\develop\water\Admin\Home\Controller\IndexController.class.php 第 18 行.
INFO: [ view_parse ] --START--
INFO: [ template_filter ] --START--
INFO: Run Behavior\ContentReplaceBehavior [ RunTime:0.000203s ]
INFO: [ template_filter ] --END-- [ RunTime:0.000301s ]
INFO: Run Behavior\ParseTemplateBehavior [ RunTime:0.014189s ]
INFO: [ view_parse ] --END-- [ RunTime:0.014250s ]
INFO: [ view_filter ] --START--
INFO: Run Behavior\WriteHtmlCacheBehavior [ RunTime:0.001031s ]
INFO: [ view_filter ] --END-- [ RunTime:0.001077s ]
INFO: [ app_end ] --START--
INFO: Run Behavior\ShowPageTraceBehavior [ RunTime:0.001922s ]
INFO: [ app_end ] --END-- [ RunTime:0.002020s ]

[ 2016-04-18T17:41:43+08:00 ] ::1 /develop/water/admin.php/Home/Index/welcome.html
INFO: [ app_init ] --START--
INFO: Run Behavior\BuildLiteBehavior [ RunTime:0.000015s ]
INFO: [ app_init ] --END-- [ RunTime:0.000800s ]
INFO: [ app_begin ] --START--
INFO: Run Behavior\ReadHtmlCacheBehavior [ RunTime:0.001492s ]
INFO: [ app_begin ] --END-- [ RunTime:0.001589s ]
INFO: [ view_parse ] --START--
INFO: [ template_filter ] --START--
INFO: Run Behavior\ContentReplaceBehavior [ RunTime:0.000143s ]
INFO: [ template_filter ] --END-- [ RunTime:0.000286s ]
INFO: Run Behavior\ParseTemplateBehavior [ RunTime:0.017884s ]
INFO: [ view_parse ] --END-- [ RunTime:0.017968s ]
INFO: [ view_filter ] --START--
INFO: Run Behavior\WriteHtmlCacheBehavior [ RunTime:0.001361s ]
INFO: [ view_filter ] --END-- [ RunTime:0.001418s ]
INFO: [ app_end ] --START--
INFO: Run Behavior\ShowPageTraceBehavior [ RunTime:0.001437s ]
INFO: [ app_end ] --END-- [ RunTime:0.001515s ]

[ 2016-04-18T17:41:43+08:00 ] ::1 /develop/water/admin.php/Home/Index/skin/default/skin.css
INFO: [ app_init ] --START--
INFO: Run Behavior\BuildLiteBehavior [ RunTime:0.000031s ]
INFO: [ app_init ] --END-- [ RunTime:0.001357s ]
INFO: [ app_begin ] --START--
INFO: Run Behavior\ReadHtmlCacheBehavior [ RunTime:0.001963s ]
INFO: [ app_begin ] --END-- [ RunTime:0.002082s ]
INFO: [ app_end ] --START--
INFO: Run Behavior\ShowPageTraceBehavior [ RunTime:0.001966s ]
INFO: [ app_end ] --END-- [ RunTime:0.002117s ]

[ 2016-04-18T17:41:45+08:00 ] ::1 /develop/water/admin.php/Home/New/newsList.html
INFO: [ app_init ] --START--
INFO: Run Behavior\BuildLiteBehavior [ RunTime:0.000051s ]
INFO: [ app_init ] --END-- [ RunTime:0.001604s ]
INFO: [ app_begin ] --START--
INFO: Run Behavior\ReadHtmlCacheBehavior [ RunTime:0.001428s ]
INFO: [ app_begin ] --END-- [ RunTime:0.001506s ]
SQL: SHOW COLUMNS FROM `news_index` [ RunTime:0.0039s ]
SQL: SELECT * FROM `news_index`  [ RunTime:0.0004s ]
SQL: SHOW COLUMNS FROM `news_kejidongtai` [ RunTime:0.0044s ]
SQL: SELECT * FROM `news_kejidongtai` ORDER BY id desc  [ RunTime:0.0004s ]
SQL: SELECT COUNT(*) AS tp_count FROM `news_kejidongtai` LIMIT 1   [ RunTime:0.0003s ]
INFO: [ view_parse ] --START--
INFO: [ template_filter ] --START--
INFO: Run Behavior\ContentReplaceBehavior [ RunTime:0.000106s ]
INFO: [ template_filter ] --END-- [ RunTime:0.000171s ]
NOTIC: [8] Undefined index: num D:\xampp\htdocs\develop\water\Admin\Runtime\Cache\Home\56a29cfd1f9fbb842b5e2bbe5068b85b.php 第 71 行.
NOTIC: [8] Undefined index: id D:\xampp\htdocs\develop\water\Admin\Runtime\Cache\Home\56a29cfd1f9fbb842b5e2bbe5068b85b.php 第 71 行.
NOTIC: [8] Undefined index: num D:\xampp\htdocs\develop\water\Admin\Runtime\Cache\Home\56a29cfd1f9fbb842b5e2bbe5068b85b.php 第 72 行.
NOTIC: [8] Undefined index: id D:\xampp\htdocs\develop\water\Admin\Runtime\Cache\Home\56a29cfd1f9fbb842b5e2bbe5068b85b.php 第 72 行.
INFO: Run Behavior\ParseTemplateBehavior [ RunTime:0.013771s ]
INFO: [ view_parse ] --END-- [ RunTime:0.013843s ]
INFO: [ view_filter ] --START--
INFO: Run Behavior\WriteHtmlCacheBehavior [ RunTime:0.000877s ]
INFO: [ view_filter ] --END-- [ RunTime:0.000927s ]
INFO: [ app_end ] --START--
INFO: Run Behavior\ShowPageTraceBehavior [ RunTime:0.001360s ]
INFO: [ app_end ] --END-- [ RunTime:0.001415s ]

[ 2016-04-18T17:41:45+08:00 ] ::1 /develop/water/admin.php/Home/New/newsList.html
INFO: [ app_init ] --START--
INFO: Run Behavior\BuildLiteBehavior [ RunTime:0.000021s ]
INFO: [ app_init ] --END-- [ RunTime:0.001592s ]
INFO: [ app_begin ] --START--
INFO: Run Behavior\ReadHtmlCacheBehavior [ RunTime:0.001290s ]
INFO: [ app_begin ] --END-- [ RunTime:0.001385s ]
SQL: SHOW COLUMNS FROM `news_index` [ RunTime:0.0047s ]
SQL: SELECT * FROM `news_index`  [ RunTime:0.0004s ]
SQL: SHOW COLUMNS FROM `news_kejidongtai` [ RunTime:0.0041s ]
SQL: SELECT * FROM `news_kejidongtai` ORDER BY id desc  [ RunTime:0.0004s ]
SQL: SELECT COUNT(*) AS tp_count FROM `news_kejidongtai` LIMIT 1   [ RunTime:0.0002s ]
INFO: [ view_parse ] --START--
INFO: [ template_filter ] --START--
INFO: Run Behavior\ContentReplaceBehavior [ RunTime:0.000108s ]
INFO: [ template_filter ] --END-- [ RunTime:0.000170s ]
NOTIC: [8] Undefined index: num D:\xampp\htdocs\develop\water\Admin\Runtime\Cache\Home\56a29cfd1f9fbb842b5e2bbe5068b85b.php 第 71 行.
NOTIC: [8] Undefined index: id D:\xampp\htdocs\develop\water\Admin\Runtime\Cache\Home\56a29cfd1f9fbb842b5e2bbe5068b85b.php 第 71 行.
NOTIC: [8] Undefined index: num D:\xampp\htdocs\develop\water\Admin\Runtime\Cache\Home\56a29cfd1f9fbb842b5e2bbe5068b85b.php 第 72 行.
NOTIC: [8] Undefined index: id D:\xampp\htdocs\develop\water\Admin\Runtime\Cache\Home\56a29cfd1f9fbb842b5e2bbe5068b85b.php 第 72 行.
INFO: Run Behavior\ParseTemplateBehavior [ RunTime:0.023756s ]
INFO: [ view_parse ] --END-- [ RunTime:0.023844s ]
INFO: [ view_filter ] --START--
INFO: Run Behavior\WriteHtmlCacheBehavior [ RunTime:0.002612s ]
INFO: [ view_filter ] --END-- [ RunTime:0.002730s ]
INFO: [ app_end ] --START--
INFO: Run Behavior\ShowPageTraceBehavior [ RunTime:0.002018s ]
INFO: [ app_end ] --END-- [ RunTime:0.002149s ]

[ 2016-04-18T17:41:47+08:00 ] ::1 /develop/water/admin.php/Home/New/newsDel.html
INFO: [ app_init ] --START--
INFO: Run Behavior\BuildLiteBehavior [ RunTime:0.000014s ]
INFO: [ app_init ] --END-- [ RunTime:0.000706s ]
INFO: [ app_begin ] --START--
INFO: Run Behavior\ReadHtmlCacheBehavior [ RunTime:0.001169s ]
INFO: [ app_begin ] --END-- [ RunTime:0.001232s ]
NOTIC: [8] Use of undefined constant gonggao - assumed 'gonggao' D:\xampp\htdocs\develop\water\Admin\Home\Controller\NewController.class.php 第 173 行.
NOTIC: [8] Use of undefined constant zhannei - assumed 'zhannei' D:\xampp\htdocs\develop\water\Admin\Home\Controller\NewController.class.php 第 176 行.
NOTIC: [8] Use of undefined constant kejidongtai - assumed 'kejidongtai' D:\xampp\htdocs\develop\water\Admin\Home\Controller\NewController.class.php 第 179 行.
NOTIC: [8] Use of undefined constant imgnew - assumed 'imgnew' D:\xampp\htdocs\develop\water\Admin\Home\Controller\NewController.class.php 第 182 行.
NOTIC: [8] Use of undefined constant videonew - assumed 'videonew' D:\xampp\htdocs\develop\water\Admin\Home\Controller\NewController.class.php 第 185 行.
NOTIC: [8] Undefined variable: databasename D:\xampp\htdocs\develop\water\Admin\Home\Controller\NewController.class.php 第 189 行.
ERR: 1103:Incorrect table name ''
 [ SQL语句 ] : DELETE FROM `` WHERE `id` = ''
ERR: 1103:Incorrect table name ''
 [ SQL语句 ] : DELETE FROM `` WHERE `id` = ''

[ 2016-04-18T17:46:42+08:00 ] ::1 /develop/water/admin.php/Home/Index/index
INFO: [ app_init ] --START--
INFO: Run Behavior\BuildLiteBehavior [ RunTime:0.000015s ]
INFO: [ app_init ] --END-- [ RunTime:0.000910s ]
INFO: [ app_begin ] --START--
INFO: Run Behavior\ReadHtmlCacheBehavior [ RunTime:0.002259s ]
INFO: [ app_begin ] --END-- [ RunTime:0.002346s ]
NOTIC: [8] Use of undefined constant index - assumed 'index' D:\xampp\htdocs\develop\water\Admin\Home\Controller\IndexController.class.php 第 18 行.
INFO: [ view_parse ] --START--
INFO: [ template_filter ] --START--
INFO: Run Behavior\ContentReplaceBehavior [ RunTime:0.000268s ]
INFO: [ template_filter ] --END-- [ RunTime:0.000336s ]
INFO: Run Behavior\ParseTemplateBehavior [ RunTime:0.015523s ]
INFO: [ view_parse ] --END-- [ RunTime:0.015603s ]
INFO: [ view_filter ] --START--
INFO: Run Behavior\WriteHtmlCacheBehavior [ RunTime:0.001288s ]
INFO: [ view_filter ] --END-- [ RunTime:0.001343s ]
INFO: [ app_end ] --START--
INFO: Run Behavior\ShowPageTraceBehavior [ RunTime:0.002189s ]
INFO: [ app_end ] --END-- [ RunTime:0.002255s ]

[ 2016-04-18T17:46:42+08:00 ] ::1 /develop/water/admin.php/Home/Index/welcome.html
INFO: [ app_init ] --START--
INFO: Run Behavior\BuildLiteBehavior [ RunTime:0.000026s ]
INFO: [ app_init ] --END-- [ RunTime:0.001067s ]
INFO: [ app_begin ] --START--
INFO: Run Behavior\ReadHtmlCacheBehavior [ RunTime:0.001559s ]
INFO: [ app_begin ] --END-- [ RunTime:0.001641s ]
INFO: [ view_parse ] --START--
INFO: [ template_filter ] --START--
INFO: Run Behavior\ContentReplaceBehavior [ RunTime:0.000273s ]
INFO: [ template_filter ] --END-- [ RunTime:0.000415s ]
INFO: Run Behavior\ParseTemplateBehavior [ RunTime:0.017257s ]
INFO: [ view_parse ] --END-- [ RunTime:0.017329s ]
INFO: [ view_filter ] --START--
INFO: Run Behavior\WriteHtmlCacheBehavior [ RunTime:0.001196s ]
INFO: [ view_filter ] --END-- [ RunTime:0.001239s ]
INFO: [ app_end ] --START--
INFO: Run Behavior\ShowPageTraceBehavior [ RunTime:0.001653s ]
INFO: [ app_end ] --END-- [ RunTime:0.001716s ]

[ 2016-04-18T17:46:42+08:00 ] ::1 /develop/water/admin.php/Home/Index/skin/default/skin.css
INFO: [ app_init ] --START--
INFO: Run Behavior\BuildLiteBehavior [ RunTime:0.000029s ]
INFO: [ app_init ] --END-- [ RunTime:0.001794s ]
INFO: [ app_begin ] --START--
INFO: Run Behavior\ReadHtmlCacheBehavior [ RunTime:0.002377s ]
INFO: [ app_begin ] --END-- [ RunTime:0.002464s ]
INFO: [ app_end ] --START--
INFO: Run Behavior\ShowPageTraceBehavior [ RunTime:0.003304s ]
INFO: [ app_end ] --END-- [ RunTime:0.003414s ]

[ 2016-04-18T17:46:44+08:00 ] ::1 /develop/water/admin.php/Home/New/newsList.html
INFO: [ app_init ] --START--
INFO: Run Behavior\BuildLiteBehavior [ RunTime:0.000022s ]
INFO: [ app_init ] --END-- [ RunTime:0.001330s ]
INFO: [ app_begin ] --START--
INFO: Run Behavior\ReadHtmlCacheBehavior [ RunTime:0.001582s ]
INFO: [ app_begin ] --END-- [ RunTime:0.001653s ]
SQL: SHOW COLUMNS FROM `news_index` [ RunTime:0.0036s ]
SQL: SELECT * FROM `news_index`  [ RunTime:0.0010s ]
SQL: SHOW COLUMNS FROM `news_kejidongtai` [ RunTime:0.0035s ]
SQL: SELECT * FROM `news_kejidongtai` ORDER BY id desc  [ RunTime:0.0005s ]
SQL: SELECT COUNT(*) AS tp_count FROM `news_kejidongtai` LIMIT 1   [ RunTime:0.0003s ]
INFO: [ view_parse ] --START--
INFO: [ template_filter ] --START--
INFO: Run Behavior\ContentReplaceBehavior [ RunTime:0.000157s ]
INFO: [ template_filter ] --END-- [ RunTime:0.000249s ]
NOTIC: [8] Undefined index: type D:\xampp\htdocs\develop\water\Admin\Runtime\Cache\Home\56a29cfd1f9fbb842b5e2bbe5068b85b.php 第 71 行.
NOTIC: [8] Undefined index: id D:\xampp\htdocs\develop\water\Admin\Runtime\Cache\Home\56a29cfd1f9fbb842b5e2bbe5068b85b.php 第 71 行.
NOTIC: [8] Undefined index: type D:\xampp\htdocs\develop\water\Admin\Runtime\Cache\Home\56a29cfd1f9fbb842b5e2bbe5068b85b.php 第 72 行.
NOTIC: [8] Undefined index: id D:\xampp\htdocs\develop\water\Admin\Runtime\Cache\Home\56a29cfd1f9fbb842b5e2bbe5068b85b.php 第 72 行.
INFO: Run Behavior\ParseTemplateBehavior [ RunTime:0.017824s ]
INFO: [ view_parse ] --END-- [ RunTime:0.017932s ]
INFO: [ view_filter ] --START--
INFO: Run Behavior\WriteHtmlCacheBehavior [ RunTime:0.001939s ]
INFO: [ view_filter ] --END-- [ RunTime:0.002013s ]
INFO: [ app_end ] --START--
INFO: Run Behavior\ShowPageTraceBehavior [ RunTime:0.001932s ]
INFO: [ app_end ] --END-- [ RunTime:0.002011s ]

[ 2016-04-18T17:46:44+08:00 ] ::1 /develop/water/admin.php/Home/New/newsList.html
INFO: [ app_init ] --START--
INFO: Run Behavior\BuildLiteBehavior [ RunTime:0.000017s ]
INFO: [ app_init ] --END-- [ RunTime:0.000841s ]
INFO: [ app_begin ] --START--
INFO: Run Behavior\ReadHtmlCacheBehavior [ RunTime:0.003755s ]
INFO: [ app_begin ] --END-- [ RunTime:0.003909s ]
SQL: SHOW COLUMNS FROM `news_index` [ RunTime:0.0035s ]
SQL: SELECT * FROM `news_index`  [ RunTime:0.0003s ]
SQL: SHOW COLUMNS FROM `news_kejidongtai` [ RunTime:0.0028s ]
SQL: SELECT * FROM `news_kejidongtai` ORDER BY id desc  [ RunTime:0.0004s ]
SQL: SELECT COUNT(*) AS tp_count FROM `news_kejidongtai` LIMIT 1   [ RunTime:0.0004s ]
INFO: [ view_parse ] --START--
INFO: [ template_filter ] --START--
INFO: Run Behavior\ContentReplaceBehavior [ RunTime:0.000105s ]
INFO: [ template_filter ] --END-- [ RunTime:0.000168s ]
NOTIC: [8] Undefined index: type D:\xampp\htdocs\develop\water\Admin\Runtime\Cache\Home\56a29cfd1f9fbb842b5e2bbe5068b85b.php 第 71 行.
NOTIC: [8] Undefined index: id D:\xampp\htdocs\develop\water\Admin\Runtime\Cache\Home\56a29cfd1f9fbb842b5e2bbe5068b85b.php 第 71 行.
NOTIC: [8] Undefined index: type D:\xampp\htdocs\develop\water\Admin\Runtime\Cache\Home\56a29cfd1f9fbb842b5e2bbe5068b85b.php 第 72 行.
NOTIC: [8] Undefined index: id D:\xampp\htdocs\develop\water\Admin\Runtime\Cache\Home\56a29cfd1f9fbb842b5e2bbe5068b85b.php 第 72 行.
INFO: Run Behavior\ParseTemplateBehavior [ RunTime:0.014930s ]
INFO: [ view_parse ] --END-- [ RunTime:0.015018s ]
INFO: [ view_filter ] --START--
INFO: Run Behavior\WriteHtmlCacheBehavior [ RunTime:0.001085s ]
INFO: [ view_filter ] --END-- [ RunTime:0.001137s ]
INFO: [ app_end ] --START--
INFO: Run Behavior\ShowPageTraceBehavior [ RunTime:0.002317s ]
INFO: [ app_end ] --END-- [ RunTime:0.002508s ]

[ 2016-04-18T17:46:45+08:00 ] ::1 /develop/water/admin.php/Home/New/newsDel.html
INFO: [ app_init ] --START--
INFO: Run Behavior\BuildLiteBehavior [ RunTime:0.000013s ]
INFO: [ app_init ] --END-- [ RunTime:0.000725s ]
INFO: [ app_begin ] --START--
INFO: Run Behavior\ReadHtmlCacheBehavior [ RunTime:0.001663s ]
INFO: [ app_begin ] --END-- [ RunTime:0.001810s ]
NOTIC: [8] Use of undefined constant gonggao - assumed 'gonggao' D:\xampp\htdocs\develop\water\Admin\Home\Controller\NewController.class.php 第 173 行.
NOTIC: [8] Use of undefined constant zhannei - assumed 'zhannei' D:\xampp\htdocs\develop\water\Admin\Home\Controller\NewController.class.php 第 176 行.
NOTIC: [8] Use of undefined constant kejidongtai - assumed 'kejidongtai' D:\xampp\htdocs\develop\water\Admin\Home\Controller\NewController.class.php 第 179 行.
NOTIC: [8] Use of undefined constant imgnew - assumed 'imgnew' D:\xampp\htdocs\develop\water\Admin\Home\Controller\NewController.class.php 第 182 行.
NOTIC: [8] Use of undefined constant videonew - assumed 'videonew' D:\xampp\htdocs\develop\water\Admin\Home\Controller\NewController.class.php 第 185 行.
NOTIC: [8] Undefined variable: databasename D:\xampp\htdocs\develop\water\Admin\Home\Controller\NewController.class.php 第 189 行.
ERR: 1103:Incorrect table name ''
 [ SQL语句 ] : DELETE FROM `` WHERE `id` = ''
ERR: 1103:Incorrect table name ''
 [ SQL语句 ] : DELETE FROM `` WHERE `id` = ''

